2023.07.19 08:03:09 INFO  Started: Metals version 0.11.12 in workspace '/home/vpatel/Documents/Chisel/Chisel-Workspace' for client Visual Studio Code 1.80.1.
Jul 19, 2023 8:03:09 AM org.flywaydb.core.internal.license.VersionPrinter printVersionOnly
INFO: Flyway Community Edition 9.16.3 by Redgate
Jul 19, 2023 8:03:09 AM org.flywaydb.core.internal.license.VersionPrinter printVersion
INFO: See release notes here: https://rd.gt/416ObMi
Jul 19, 2023 8:03:09 AM org.flywaydb.core.internal.license.VersionPrinter printVersion
INFO: 
Jul 19, 2023 8:03:09 AM org.flywaydb.core.internal.database.base.BaseDatabaseType createDatabase
INFO: Database: jdbc:h2:file:/home/vpatel/Documents/Chisel/Chisel-Workspace/.metals/metals (H2 2.1)
Jul 19, 2023 8:03:09 AM org.flywaydb.core.internal.schemahistory.JdbcTableSchemaHistory allAppliedMigrations
INFO: Schema history table "PUBLIC"."flyway_schema_history" does not exist yet
Jul 19, 2023 8:03:09 AM org.flywaydb.core.internal.command.DbValidate validate
INFO: Successfully validated 4 migrations (execution time 00:00.018s)
Jul 19, 2023 8:03:09 AM org.flywaydb.core.internal.schemahistory.JdbcTableSchemaHistory create
INFO: Creating Schema History table "PUBLIC"."flyway_schema_history" ...
Jul 19, 2023 8:03:09 AM org.flywaydb.core.internal.command.DbMigrate migrateGroup
INFO: Current version of schema "PUBLIC": << Empty Schema >>
Jul 19, 2023 8:03:09 AM org.flywaydb.core.internal.command.DbMigrate doMigrateGroup
INFO: Migrating schema "PUBLIC" to version "1 - Create tables"
Jul 19, 2023 8:03:09 AM org.flywaydb.core.internal.command.DbMigrate doMigrateGroup
INFO: Migrating schema "PUBLIC" to version "2 - Server discovery"
Jul 19, 2023 8:03:10 AM org.flywaydb.core.internal.command.DbMigrate doMigrateGroup
INFO: Migrating schema "PUBLIC" to version "3 - Jar symbols"
Jul 19, 2023 8:03:10 AM org.flywaydb.core.internal.command.DbMigrate doMigrateGroup
INFO: Migrating schema "PUBLIC" to version "4 - Fingerprints"
Jul 19, 2023 8:03:10 AM org.flywaydb.core.internal.command.DbMigrate logSummary
INFO: Successfully applied 4 migrations to schema "PUBLIC", now at version v4 (execution time 00:00.061s)
2023.07.19 08:03:10 INFO  time: initialize in 0.68s
2023.07.19 08:03:12 WARN  Build server is not auto-connectable.
2023.07.19 08:03:12 WARN  no build tool detected in workspace '/home/vpatel/Documents/Chisel/Chisel-Workspace'. The most common cause for this problem is that the editor was opened in the wrong working directory, for example if you use sbt then the workspace directory should contain build.sbt. 
2023.07.19 08:03:12 WARN  no build target for: /home/vpatel/Documents/Chisel/Chisel-Workspace/HBFP_Accelerator/src/main/scala/FP_GEMM.scala
2023.07.19 08:03:15 INFO  no build target found for /home/vpatel/Documents/Chisel/Chisel-Workspace/HBFP_Accelerator/src/main/scala/FP_GEMM.scala. Using presentation compiler with project's scala-library version: 3.2.2
2023.07.19 08:03:16 INFO  time: code lens generation in 4.51s
2023.07.19 08:03:28 WARN  no build target for: /home/vpatel/Documents/Chisel/Chisel-Workspace/FP_Systolic Array/src/main/scala/FP_Bundle.scala
Jul 19, 2023 8:03:39 AM org.eclipse.lsp4j.jsonrpc.RemoteEndpoint handleCancellation
WARNING: Unmatched cancel notification for request id 21
2023.07.19 08:04:07 WARN  no build target for: /home/vpatel/Documents/Chisel/Chisel-Workspace/FP_Systolic Array/src/main/scala/FP_Bundle.scala
2023.07.19 08:07:03 WARN  no build target for: /home/vpatel/Documents/Chisel/Chisel-Workspace/FP_Systolic Array/src/main/scala/FP_Bundle.scala
Exception in thread "pool-3-thread-1" java.lang.InterruptedException
	at scala.meta.internal.metals.FutureCancelToken.checkCanceled(FutureCancelToken.scala:29)
	at scala.meta.internal.pc.CompilerAccess.onCompilerJobQueue$$anonfun$1(CompilerAccess.scala:195)
	at scala.meta.internal.pc.CompilerJobQueue$Job.run(CompilerJobQueue.scala:152)
	at java.base/java.util.concurrent.ThreadPoolExecutor.runWorker(ThreadPoolExecutor.java:1128)
	at java.base/java.util.concurrent.ThreadPoolExecutor$Worker.run(ThreadPoolExecutor.java:628)
	at java.base/java.lang.Thread.run(Thread.java:829)
Exception in thread "pool-3-thread-2" java.lang.InterruptedException
	at scala.meta.internal.metals.FutureCancelToken.checkCanceled(FutureCancelToken.scala:29)
	at scala.meta.internal.pc.CompilerAccess.onCompilerJobQueue$$anonfun$1(CompilerAccess.scala:195)
	at scala.meta.internal.pc.CompilerJobQueue$Job.run(CompilerJobQueue.scala:152)
	at java.base/java.util.concurrent.ThreadPoolExecutor.runWorker(ThreadPoolExecutor.java:1128)
	at java.base/java.util.concurrent.ThreadPoolExecutor$Worker.run(ThreadPoolExecutor.java:628)
	at java.base/java.lang.Thread.run(Thread.java:829)
2023.07.19 08:07:37 WARN  no build target for: /home/vpatel/Documents/Chisel/Chisel-Workspace/FP_Systolic Array/src/main/scala/FP_Multiplier.scala
2023.07.19 08:07:48 WARN  no build target for: /home/vpatel/Documents/Chisel/Chisel-Workspace/FP_Systolic Array/src/main/scala/FP_Multiplier.scala
Jul 19, 2023 8:08:13 AM org.eclipse.lsp4j.jsonrpc.RemoteEndpoint handleCancellation
WARNING: Unmatched cancel notification for request id 321
2023.07.19 08:08:19 WARN  no build target for: /home/vpatel/Documents/Chisel/Chisel-Workspace/FP_Systolic Array/src/main/scala/FP_Multiplier.scala
2023.07.19 08:10:12 WARN  no build target for: /home/vpatel/Documents/Chisel/Chisel-Workspace/FP_Systolic Array/src/main/scala/FP_Multiplier.scala
2023.07.19 08:11:24 WARN  no build target for: /home/vpatel/Documents/Chisel/Chisel-Workspace/FP_Systolic Array/src/main/scala/FP_Multiplier.scala
2023.07.19 08:11:43 WARN  no build target for: /home/vpatel/Documents/Chisel/Chisel-Workspace/FP_Systolic Array/src/main/scala/FP_Adder.scala
2023.07.19 08:12:26 WARN  no build target for: /home/vpatel/Documents/Chisel/Chisel-Workspace/FP_Systolic Array/src/main/scala/FP_Adder.scala
2023.07.19 08:12:48 WARN  no build target for: /home/vpatel/Documents/Chisel/Chisel-Workspace/FP_Systolic Array/src/main/scala/FP_Adder.scala
2023.07.19 08:13:05 WARN  no build target for: /home/vpatel/Documents/Chisel/Chisel-Workspace/FP_Systolic Array/src/main/scala/FP_Adder.scala
2023.07.19 08:19:09 WARN  no build target for: /home/vpatel/Documents/Chisel/Chisel-Workspace/FP_Systolic Array/src/main/scala/FP_Adder.scala
Jul 19, 2023 8:19:47 AM org.eclipse.lsp4j.jsonrpc.RemoteEndpoint handleCancellation
WARNING: Unmatched cancel notification for request id 1923
2023.07.19 08:21:01 WARN  no build target for: /home/vpatel/Documents/Chisel/Chisel-Workspace/FP_Systolic Array/src/main/scala/FP_Adder.scala
2023.07.19 08:22:49 WARN  no build target for: /home/vpatel/Documents/Chisel/Chisel-Workspace/FP_Systolic Array/src/main/scala/FP_Processing_Element.scala
2023.07.19 08:22:59 WARN  no build target for: /home/vpatel/Documents/Chisel/Chisel-Workspace/FP_Systolic Array/src/main/scala/FP_Processing_Element.scala
2023.07.19 08:23:17 WARN  no build target for: /home/vpatel/Documents/Chisel/Chisel-Workspace/FP_Systolic Array/src/main/scala/FP_Processing_Element.scala
Jul 19, 2023 8:23:30 AM org.eclipse.lsp4j.jsonrpc.RemoteEndpoint handleCancellation
WARNING: Unmatched cancel notification for request id 2183
Jul 19, 2023 8:23:44 AM org.eclipse.lsp4j.jsonrpc.RemoteEndpoint handleCancellation
WARNING: Unmatched cancel notification for request id 2225
Jul 19, 2023 8:23:49 AM org.eclipse.lsp4j.jsonrpc.RemoteEndpoint handleCancellation
WARNING: Unmatched cancel notification for request id 2249
Jul 19, 2023 8:23:59 AM org.eclipse.lsp4j.jsonrpc.RemoteEndpoint handleCancellation
WARNING: Unmatched cancel notification for request id 2300
Jul 19, 2023 8:24:18 AM org.eclipse.lsp4j.jsonrpc.RemoteEndpoint handleCancellation
WARNING: Unmatched cancel notification for request id 2453
Jul 19, 2023 8:24:35 AM org.eclipse.lsp4j.jsonrpc.RemoteEndpoint handleCancellation
WARNING: Unmatched cancel notification for request id 2524
2023.07.19 08:24:48 WARN  no build target for: /home/vpatel/Documents/Chisel/Chisel-Workspace/FP_Systolic Array/src/main/scala/FP_Processing_Element.scala
2023.07.19 08:25:00 WARN  no build target for: /home/vpatel/Documents/Chisel/Chisel-Workspace/FP_Systolic Array/src/main/scala/FP_Processing_Element.scala
Jul 19, 2023 8:25:11 AM org.eclipse.lsp4j.jsonrpc.RemoteEndpoint handleCancellation
WARNING: Unmatched cancel notification for request id 2655
2023.07.19 08:25:16 WARN  no build target for: /home/vpatel/Documents/Chisel/Chisel-Workspace/FP_Systolic Array/src/main/scala/FP_Processing_Element.scala
2023.07.19 08:27:23 WARN  no build target for: /home/vpatel/Documents/Chisel/Chisel-Workspace/FP_Systolic Array/src/main/scala/Systolic_Array.scala
2023.07.19 08:27:35 WARN  no build target for: /home/vpatel/Documents/Chisel/Chisel-Workspace/FP_Systolic Array/src/main/scala/Systolic_Array.scala
2023.07.19 08:28:16 WARN  no build target for: /home/vpatel/Documents/Chisel/Chisel-Workspace/FP_Systolic Array/src/main/scala/Systolic_Array.scala
2023.07.19 08:28:23 WARN  no build target for: /home/vpatel/Documents/Chisel/Chisel-Workspace/FP_Systolic Array/src/main/scala/Systolic_Array.scala
Jul 19, 2023 8:28:59 AM org.eclipse.lsp4j.jsonrpc.RemoteEndpoint handleCancellation
WARNING: Unmatched cancel notification for request id 2897
Jul 19, 2023 8:29:23 AM org.eclipse.lsp4j.jsonrpc.RemoteEndpoint handleCancellation
WARNING: Unmatched cancel notification for request id 3032
2023.07.19 08:31:54 WARN  no build target for: /home/vpatel/Documents/Chisel/Chisel-Workspace/FP_Systolic Array/src/main/scala/Systolic_Array.scala
2023.07.19 08:32:02 WARN  no build target for: /home/vpatel/Documents/Chisel/Chisel-Workspace/FP_Systolic Array/src/main/scala/Systolic_Array.scala
2023.07.19 08:32:25 WARN  no build target for: /home/vpatel/Documents/Chisel/Chisel-Workspace/FP_Systolic Array/src/main/scala/Systolic_Array.scala
2023.07.19 08:34:52 WARN  no build target for: /home/vpatel/Documents/Chisel/Chisel-Workspace/FP_Systolic Array/src/main/scala/Systolic_Array.scala
Jul 19, 2023 8:35:15 AM org.eclipse.lsp4j.jsonrpc.RemoteEndpoint handleCancellation
WARNING: Unmatched cancel notification for request id 4149
2023.07.19 08:35:36 WARN  no build target for: /home/vpatel/Documents/Chisel/Chisel-Workspace/FP_Systolic Array/src/main/scala/Systolic_Array.scala
Jul 19, 2023 8:36:12 AM org.eclipse.lsp4j.jsonrpc.RemoteEndpoint handleCancellation
WARNING: Unmatched cancel notification for request id 4443
Jul 19, 2023 8:36:13 AM org.eclipse.lsp4j.jsonrpc.RemoteEndpoint handleCancellation
WARNING: Unmatched cancel notification for request id 4446
Jul 19, 2023 8:37:18 AM org.eclipse.lsp4j.jsonrpc.RemoteEndpoint handleCancellation
WARNING: Unmatched cancel notification for request id 4653
2023.07.19 08:37:36 WARN  no build target for: /home/vpatel/Documents/Chisel/Chisel-Workspace/FP_Systolic Array/src/main/scala/Systolic_Array.scala
2023.07.19 08:38:27 WARN  no build target for: /home/vpatel/Documents/Chisel/Chisel-Workspace/FP_Systolic Array/src/main/scala/Systolic_Array.scala
2023.07.19 08:39:13 WARN  no build target for: /home/vpatel/Documents/Chisel/Chisel-Workspace/FP_Systolic Array/src/main/scala/Systolic_Array.scala
2023.07.19 08:40:26 WARN  no build target for: /home/vpatel/Documents/Chisel/Chisel-Workspace/FP_Systolic Array/src/main/scala/Systolic_Array.scala
2023.07.19 08:42:02 WARN  no build target for: /home/vpatel/Documents/Chisel/Chisel-Workspace/HBFP_Accelerator/src/main/scala/MatMul.scala
2023.07.19 08:42:20 WARN  no build target for: /home/vpatel/Documents/Chisel/Chisel-Workspace/HBFP_Accelerator/src/main/scala/MatMult_hbfp.scala
2023.07.19 08:42:23 WARN  no build target for: /home/vpatel/Documents/Chisel/Chisel-Workspace/FP_Systolic Array/src/main/scala/Systolic_Array.scala
2023.07.19 08:45:35 WARN  no build target for: /home/vpatel/Documents/Chisel/Chisel-Workspace/FP_Systolic Array/src/main/scala/Systolic_Array.scala
2023.07.19 08:48:15 WARN  no build target for: /home/vpatel/Documents/Chisel/Chisel-Workspace/HBFP_Accelerator/src/test/scala/MatMul_spec.scala
2023.07.19 08:49:04 WARN  no build target for: /home/vpatel/Documents/Chisel/Chisel-Workspace/FP_Systolic Array/src/main/scala/Systolic_Array.scala
2023.07.19 08:51:09 WARN  no build target for: /home/vpatel/Documents/Chisel/Chisel-Workspace/HBFP_Accelerator/src/main/scala/MatMul.scala
2023.07.19 09:11:15 WARN  no build target for: /home/vpatel/Documents/Chisel/Chisel-Workspace/FP_Systolic Array/src/main/scala/Systolic_Array.scala
2023.07.19 09:11:37 WARN  no build target for: /home/vpatel/Documents/Chisel/Chisel-Workspace/FP_Systolic Array/src/main/scala/Systolic_Array.scala
2023.07.19 09:12:30 WARN  no build target for: /home/vpatel/Documents/Chisel/Chisel-Workspace/FP_Systolic Array/src/test/scala/FP_Systolic_Array_Spec.scala
2023.07.19 09:13:17 WARN  no build target for: /home/vpatel/Documents/Chisel/Chisel-Workspace/FP_Systolic Array/src/test/scala/FP_Systolic_Array_Spec.scala
2023.07.19 09:13:25 WARN  no build target for: /home/vpatel/Documents/Chisel/Chisel-Workspace/FP_Systolic Array/src/test/scala/FP_Systolic_Array_Spec.scala
2023.07.19 09:13:36 WARN  no build target for: /home/vpatel/Documents/Chisel/Chisel-Workspace/FP_Systolic Array/src/main/scala/Systolic_Array.scala
2023.07.19 09:14:16 WARN  no build target for: /home/vpatel/Documents/Chisel/Chisel-Workspace/FP_Systolic Array/src/test/scala/FP_Systolic_Array_Spec.scala
2023.07.19 09:14:40 WARN  no build target for: /home/vpatel/Documents/Chisel/Chisel-Workspace/FP_Systolic Array/src/test/scala/FP_Systolic_Array_Spec.scala
2023.07.19 09:15:07 WARN  no build target for: /home/vpatel/Documents/Chisel/Chisel-Workspace/FP_Systolic Array/src/test/scala/FP_Systolic_Array_Spec.scala
2023.07.19 09:15:24 WARN  no build target for: /home/vpatel/Documents/Chisel/Chisel-Workspace/FP_Systolic Array/src/test/scala/FP_Systolic_Array_Spec.scala
2023.07.19 09:15:35 WARN  no build target for: /home/vpatel/Documents/Chisel/Chisel-Workspace/FP_Systolic Array/src/test/scala/FP_Systolic_Array_Spec.scala
2023.07.19 09:15:36 WARN  no build target for: /home/vpatel/Documents/Chisel/Chisel-Workspace/FP_Systolic_Array/src/test/scala/FP_Systolic_Array_Spec.scala
2023.07.19 09:15:36 WARN  no build target for: /home/vpatel/Documents/Chisel/Chisel-Workspace/FP_Systolic_Array/src/main/scala/Systolic_Array.scala
Jul 19, 2023 9:15:41 AM org.eclipse.lsp4j.jsonrpc.RemoteEndpoint handleCancellation
WARNING: Unmatched cancel notification for request id 5628
2023.07.19 09:15:50 WARN  no build target for: /home/vpatel/Documents/Chisel/Chisel-Workspace/FP_Systolic_Array/src/test/scala/FP_Systolic_Array_Spec.scala
2023.07.19 09:17:11 WARN  no build target for: /home/vpatel/Documents/Chisel/Chisel-Workspace/FP_Systolic_Array/src/test/scala/FP_Systolic_Array_Spec.scala
2023.07.19 09:17:36 WARN  no build target for: /home/vpatel/Documents/Chisel/Chisel-Workspace/FP_Systolic_Array/src/test/scala/FP_Systolic_Array_Spec.scala
Jul 19, 2023 9:18:13 AM org.eclipse.lsp4j.jsonrpc.RemoteEndpoint handleCancellation
WARNING: Unmatched cancel notification for request id 5882
2023.07.19 09:18:26 WARN  no build target for: /home/vpatel/Documents/Chisel/Chisel-Workspace/FP_Systolic_Array/src/test/scala/FP_Systolic_Array_Spec.scala
2023.07.19 09:19:47 WARN  no build target for: /home/vpatel/Documents/Chisel/Chisel-Workspace/FP_Systolic_Array/src/test/scala/FP_Systolic_Array_Spec.scala
2023.07.19 09:21:47 WARN  no build target for: /home/vpatel/Documents/Chisel/Chisel-Workspace/FP_Systolic_Array/src/test/scala/FP_Systolic_Array_Spec.scala
2023.07.19 09:27:00 WARN  no build target for: /home/vpatel/Documents/Chisel/Chisel-Workspace/FP_Systolic_Array/src/main/scala/Systolic_Array.scala
2023.07.19 09:27:09 WARN  no build target for: /home/vpatel/Documents/Chisel/Chisel-Workspace/FP_Systolic_Array/src/test/scala/FP_Systolic_Array_Spec.scala
2023.07.19 09:27:53 WARN  no build target for: /home/vpatel/Documents/Chisel/Chisel-Workspace/FP_Systolic_Array/src/main/scala/Systolic_Array.scala
2023.07.19 09:39:33 WARN  no build target for: /home/vpatel/Documents/Chisel/Chisel-Workspace/FP_Systolic_Array/src/test/scala/FP_Systolic_Array_Spec.scala
2023.07.19 09:39:53 WARN  no build target for: /home/vpatel/Documents/Chisel/Chisel-Workspace/FP_Systolic_Array/src/test/scala/FP_Systolic_Array_Spec.scala
2023.07.19 09:46:52 WARN  no build target for: /home/vpatel/Documents/Chisel/Chisel-Workspace/HBFP_Accelerator/src/main/scala/Systolic_Array_4bitx2mults.scala
2023.07.19 09:47:02 WARN  no build target for: /home/vpatel/Documents/Chisel/Chisel-Workspace/HBFP_Accelerator/src/main/scala/Systolic_Array_4bitx4mults.scala
2023.07.19 09:47:19 WARN  no build target for: /home/vpatel/Documents/Chisel/Chisel-Workspace/HBFP_Accelerator/src/main/scala/bundled_hbfp.scala
2023.07.19 09:54:41 WARN  no build target for: /home/vpatel/Documents/Chisel/Chisel-Workspace/HBFP_Accelerator/src/main/scala/HBFP_ADDER_MIXMAN.scala
2023.07.19 09:54:47 WARN  no build target for: /home/vpatel/Documents/Chisel/Chisel-Workspace/HBFP_Accelerator/src/main/scala/HBFP_GEMM.scala
2023.07.19 10:35:32 WARN  no build target for: /home/vpatel/Documents/Chisel/Chisel-Workspace/HBFP_Systolic_Array/src/main/scala/HBFP_Bundle.scala
2023.07.19 10:35:45 WARN  no build target for: /home/vpatel/Documents/Chisel/Chisel-Workspace/HBFP_Systolic_Array/src/main/scala/HBFP_Bundle.scala
Jul 19, 2023 10:35:48 AM org.eclipse.lsp4j.jsonrpc.RemoteEndpoint handleCancellation
WARNING: Unmatched cancel notification for request id 6368
2023.07.19 10:36:18 WARN  no build target for: /home/vpatel/Documents/Chisel/Chisel-Workspace/HBFP_Systolic_Array/src/main/scala/HBFP_Bundle.scala
2023.07.19 10:36:23 WARN  no build target for: /home/vpatel/Documents/Chisel/Chisel-Workspace/HBFP_Systolic_Array/src/main/scala/HBFP_Bundle.scala
2023.07.19 10:36:44 WARN  no build target for: /home/vpatel/Documents/Chisel/Chisel-Workspace/HBFP_Systolic_Array/src/main/scala/HBFP_Bundle.scala
2023.07.19 10:38:34 WARN  no build target for: /home/vpatel/Documents/Chisel/Chisel-Workspace/HBFP_Systolic_Array/src/main/scala/HBFP_MAC.scala
2023.07.19 10:38:43 WARN  no build target for: /home/vpatel/Documents/Chisel/Chisel-Workspace/HBFP_Systolic_Array/src/main/scala/HBFP_Bundle.scala
2023.07.19 10:38:46 WARN  no build target for: /home/vpatel/Documents/Chisel/Chisel-Workspace/HBFP_Systolic_Array/src/main/scala/HBFP_MAC.scala
2023.07.19 10:39:21 WARN  no build target for: /home/vpatel/Documents/Chisel/Chisel-Workspace/HBFP_Systolic_Array/src/main/scala/HBFP_MAC.scala
2023.07.19 10:40:31 WARN  no build target for: /home/vpatel/Documents/Chisel/Chisel-Workspace/HBFP_Systolic_Array/src/main/scala/HBFP_MAC.scala
Jul 19, 2023 10:41:40 AM org.eclipse.lsp4j.jsonrpc.RemoteEndpoint handleCancellation
WARNING: Unmatched cancel notification for request id 6904
Jul 19, 2023 10:41:50 AM org.eclipse.lsp4j.jsonrpc.RemoteEndpoint handleCancellation
WARNING: Unmatched cancel notification for request id 6977
Jul 19, 2023 10:42:39 AM org.eclipse.lsp4j.jsonrpc.RemoteEndpoint handleCancellation
WARNING: Unmatched cancel notification for request id 7158
2023.07.19 10:42:50 WARN  no build target for: /home/vpatel/Documents/Chisel/Chisel-Workspace/HBFP_Systolic_Array/src/main/scala/HBFP_MAC.scala
2023.07.19 10:43:48 WARN  no build target for: /home/vpatel/Documents/Chisel/Chisel-Workspace/HBFP_Systolic_Array/src/main/scala/HBFP_MAC.scala
Jul 19, 2023 10:44:12 AM org.eclipse.lsp4j.jsonrpc.RemoteEndpoint handleCancellation
WARNING: Unmatched cancel notification for request id 7463
2023.07.19 10:44:43 WARN  no build target for: /home/vpatel/Documents/Chisel/Chisel-Workspace/HBFP_Systolic_Array/src/main/scala/HBFP_MAC.scala
2023.07.19 10:45:46 WARN  no build target for: /home/vpatel/Documents/Chisel/Chisel-Workspace/HBFP_Systolic_Array/src/main/scala/HBFP_MAC.scala
2023.07.19 10:46:43 WARN  no build target for: /home/vpatel/Documents/Chisel/Chisel-Workspace/HBFP_Systolic_Array/src/main/scala/HBFP_Bundle.scala
2023.07.19 10:50:45 WARN  no build target for: /home/vpatel/Documents/Chisel/Chisel-Workspace/HBFP_Systolic_Array/src/main/scala/HBFP_MAC.scala
2023.07.19 10:50:49 WARN  no build target for: /home/vpatel/Documents/Chisel/Chisel-Workspace/HBFP_Systolic_Array/src/main/scala/HBFP_Adder.scala
2023.07.19 10:51:01 WARN  no build target for: /home/vpatel/Documents/Chisel/Chisel-Workspace/HBFP_Systolic_Array/src/main/scala/HBFP_Adder.scala
2023.07.19 10:51:05 WARN  no build target for: /home/vpatel/Documents/Chisel/Chisel-Workspace/HBFP_Systolic_Array/src/main/scala/HBFP_Adder.scala
2023.07.19 10:51:19 WARN  no build target for: /home/vpatel/Documents/Chisel/Chisel-Workspace/HBFP_Systolic_Array/src/main/scala/HBFP_Adder.scala
2023.07.19 10:52:17 WARN  no build target for: /home/vpatel/Documents/Chisel/Chisel-Workspace/HBFP_Systolic_Array/src/main/scala/HBFP_Adder.scala
Jul 19, 2023 10:52:19 AM org.eclipse.lsp4j.jsonrpc.RemoteEndpoint handleCancellation
WARNING: Unmatched cancel notification for request id 8142
2023.07.19 10:52:37 WARN  no build target for: /home/vpatel/Documents/Chisel/Chisel-Workspace/HBFP_Systolic_Array/src/main/scala/HBFP_Adder.scala
2023.07.19 10:53:08 WARN  no build target for: /home/vpatel/Documents/Chisel/Chisel-Workspace/HBFP_Systolic_Array/src/main/scala/HBFP_Processing_Element.scala
2023.07.19 10:53:23 WARN  no build target for: /home/vpatel/Documents/Chisel/Chisel-Workspace/HBFP_Systolic_Array/src/main/scala/HBFP_Processing_Element.scala
2023.07.19 10:53:44 WARN  no build target for: /home/vpatel/Documents/Chisel/Chisel-Workspace/HBFP_Systolic_Array/src/main/scala/HBFP_Processing_Element.scala
2023.07.19 10:53:46 WARN  no build target for: /home/vpatel/Documents/Chisel/Chisel-Workspace/HBFP_Systolic_Array/src/main/scala/HBFP_MAC.scala
Jul 19, 2023 10:53:50 AM org.eclipse.lsp4j.jsonrpc.RemoteEndpoint handleCancellation
WARNING: Unmatched cancel notification for request id 8238
Jul 19, 2023 10:54:24 AM org.eclipse.lsp4j.jsonrpc.RemoteEndpoint handleCancellation
WARNING: Unmatched cancel notification for request id 8438
2023.07.19 10:54:26 WARN  no build target for: /home/vpatel/Documents/Chisel/Chisel-Workspace/HBFP_Systolic_Array/src/main/scala/HBFP_Adder.scala
Jul 19, 2023 10:54:34 AM org.eclipse.lsp4j.jsonrpc.RemoteEndpoint handleCancellation
WARNING: Unmatched cancel notification for request id 8523
2023.07.19 10:58:01 WARN  no build target for: /home/vpatel/Documents/Chisel/Chisel-Workspace/HBFP_Systolic_Array/src/main/scala/HBFP_Processing_Element.scala
2023.07.19 10:58:17 WARN  no build target for: /home/vpatel/Documents/Chisel/Chisel-Workspace/HBFP_Systolic_Array/src/main/scala/HBFP_Adder.scala
2023.07.19 10:58:28 WARN  no build target for: /home/vpatel/Documents/Chisel/Chisel-Workspace/FP_Systolic_Array/src/main/scala/FP_Adder.scala
Jul 19, 2023 10:58:53 AM org.eclipse.lsp4j.jsonrpc.RemoteEndpoint handleCancellation
WARNING: Unmatched cancel notification for request id 8707
2023.07.19 10:58:56 WARN  no build target for: /home/vpatel/Documents/Chisel/Chisel-Workspace/HBFP_Systolic_Array/src/main/scala/HBFP_Adder.scala
2023.07.19 10:58:58 WARN  no build target for: /home/vpatel/Documents/Chisel/Chisel-Workspace/HBFP_Systolic_Array/src/main/scala/HBFP_Adder.scala
2023.07.19 10:59:06 WARN  no build target for: /home/vpatel/Documents/Chisel/Chisel-Workspace/FP_Systolic_Array/src/main/scala/FP_Adder.scala
Jul 19, 2023 10:59:19 AM org.eclipse.lsp4j.jsonrpc.RemoteEndpoint handleCancellation
WARNING: Unmatched cancel notification for request id 8840
Exception in thread "pool-3-thread-3" java.lang.InterruptedException
	at scala.meta.internal.metals.FutureCancelToken.checkCanceled(FutureCancelToken.scala:29)
	at scala.meta.internal.pc.CompilerAccess.onCompilerJobQueue$$anonfun$1(CompilerAccess.scala:195)
	at scala.meta.internal.pc.CompilerJobQueue$Job.run(CompilerJobQueue.scala:152)
	at java.base/java.util.concurrent.ThreadPoolExecutor.runWorker(ThreadPoolExecutor.java:1128)
	at java.base/java.util.concurrent.ThreadPoolExecutor$Worker.run(ThreadPoolExecutor.java:628)
	at java.base/java.lang.Thread.run(Thread.java:829)
2023.07.19 10:59:19 WARN  no build target for: /home/vpatel/Documents/Chisel/Chisel-Workspace/HBFP_Systolic_Array/src/main/scala/HBFP_Adder.scala
Exception in thread "pool-3-thread-4" java.lang.InterruptedException
	at scala.meta.internal.metals.FutureCancelToken.checkCanceled(FutureCancelToken.scala:29)
	at scala.meta.internal.pc.CompilerAccess.onCompilerJobQueue$$anonfun$1(CompilerAccess.scala:195)
	at scala.meta.internal.pc.CompilerJobQueue$Job.run(CompilerJobQueue.scala:152)
	at java.base/java.util.concurrent.ThreadPoolExecutor.runWorker(ThreadPoolExecutor.java:1128)
	at java.base/java.util.concurrent.ThreadPoolExecutor$Worker.run(ThreadPoolExecutor.java:628)
	at java.base/java.lang.Thread.run(Thread.java:829)
Jul 19, 2023 10:59:19 AM org.eclipse.lsp4j.jsonrpc.RemoteEndpoint handleCancellation
WARNING: Unmatched cancel notification for request id 8846
2023.07.19 10:59:30 WARN  Using indexes to guess the definition of exp
2023.07.19 10:59:32 WARN  no build target for: /home/vpatel/Documents/Chisel/Chisel-Workspace/HBFP_Systolic_Array/src/main/scala/HBFP_Adder.scala
2023.07.19 10:59:32 WARN  Using indexes to guess the definition of exp
2023.07.19 10:59:32 WARN  Using indexes to guess the definition of man
2023.07.19 10:59:36 WARN  no build target for: /home/vpatel/Documents/Chisel/Chisel-Workspace/HBFP_Systolic_Array/src/main/scala/HBFP_Adder.scala
2023.07.19 10:59:36 WARN  Using indexes to guess the definition of io
2023.07.19 11:00:03 WARN  no build target for: /home/vpatel/Documents/Chisel/Chisel-Workspace/HBFP_Systolic_Array/src/main/scala/HBFP_Processing_Element.scala
Jul 19, 2023 11:00:05 AM org.eclipse.lsp4j.jsonrpc.RemoteEndpoint handleCancellation
WARNING: Unmatched cancel notification for request id 8981
Jul 19, 2023 11:00:19 AM org.eclipse.lsp4j.jsonrpc.RemoteEndpoint handleCancellation
WARNING: Unmatched cancel notification for request id 9013
2023.07.19 11:00:34 WARN  no build target for: /home/vpatel/Documents/Chisel/Chisel-Workspace/HBFP_Systolic_Array/src/main/scala/HBFP_Processing_Element.scala
2023.07.19 11:00:37 WARN  no build target for: /home/vpatel/Documents/Chisel/Chisel-Workspace/HBFP_Systolic_Array/src/main/scala/HBFP_Processing_Element.scala
2023.07.19 11:00:53 WARN  no build target for: /home/vpatel/Documents/Chisel/Chisel-Workspace/HBFP_Systolic_Array/src/main/scala/HBFP_Processing_Element.scala
2023.07.19 11:01:39 WARN  no build target for: /home/vpatel/Documents/Chisel/Chisel-Workspace/HBFP_Systolic_Array/src/main/scala/HBFP_Processing_Element.scala
2023.07.19 11:03:23 WARN  no build target for: /home/vpatel/Documents/Chisel/Chisel-Workspace/HBFP_Systolic_Array/src/main/scala/Systolic_Array.scala
2023.07.19 11:03:33 WARN  no build target for: /home/vpatel/Documents/Chisel/Chisel-Workspace/HBFP_Systolic_Array/src/main/scala/HBFP_Processing_Element.scala
2023.07.19 11:03:41 WARN  no build target for: /home/vpatel/Documents/Chisel/Chisel-Workspace/HBFP_Systolic_Array/src/main/scala/Systolic_Array.scala
2023.07.19 11:04:18 WARN  no build target for: /home/vpatel/Documents/Chisel/Chisel-Workspace/HBFP_Systolic_Array/src/main/scala/Systolic_Array.scala
2023.07.19 11:04:24 WARN  no build target for: /home/vpatel/Documents/Chisel/Chisel-Workspace/HBFP_Systolic_Array/src/main/scala/Systolic_Array.scala
2023.07.19 11:04:35 WARN  no build target for: /home/vpatel/Documents/Chisel/Chisel-Workspace/HBFP_Systolic_Array/src/main/scala/HBFP_Adder.scala
2023.07.19 11:04:39 WARN  no build target for: /home/vpatel/Documents/Chisel/Chisel-Workspace/HBFP_Systolic_Array/src/main/scala/Systolic_Array.scala
2023.07.19 11:05:10 WARN  no build target for: /home/vpatel/Documents/Chisel/Chisel-Workspace/HBFP_Systolic_Array/src/main/scala/Systolic_Array.scala
2023.07.19 11:05:16 WARN  no build target for: /home/vpatel/Documents/Chisel/Chisel-Workspace/HBFP_Systolic_Array/src/main/scala/Systolic_Array.scala
2023.07.19 11:06:37 WARN  no build target for: /home/vpatel/Documents/Chisel/Chisel-Workspace/HBFP_Systolic_Array/src/main/scala/HBFP_Processing_Element.scala
2023.07.19 11:09:16 WARN  no build target for: /home/vpatel/Documents/Chisel/Chisel-Workspace/FP_Systolic_Array/src/main/scala/Systolic_Array.scala
2023.07.19 11:09:35 WARN  no build target for: /home/vpatel/Documents/Chisel/Chisel-Workspace/HBFP_Systolic_Array/src/main/scala/HBFP_Adder.scala
2023.07.19 11:09:56 WARN  no build target for: /home/vpatel/Documents/Chisel/Chisel-Workspace/HBFP_Systolic_Array/src/main/scala/HBFP_Processing_Element.scala
2023.07.19 11:10:02 WARN  no build target for: /home/vpatel/Documents/Chisel/Chisel-Workspace/HBFP_Systolic_Array/src/main/scala/Systolic_Array.scala
Jul 19, 2023 11:10:06 AM org.eclipse.lsp4j.jsonrpc.RemoteEndpoint handleCancellation
WARNING: Unmatched cancel notification for request id 9504
2023.07.19 11:10:10 WARN  no build target for: /home/vpatel/Documents/Chisel/Chisel-Workspace/HBFP_Systolic_Array/src/main/scala/Systolic_Array.scala
2023.07.19 11:10:14 WARN  no build target for: /home/vpatel/Documents/Chisel/Chisel-Workspace/HBFP_Systolic_Array/src/main/scala/Systolic_Array.scala
Jul 19, 2023 11:12:45 AM org.eclipse.lsp4j.jsonrpc.RemoteEndpoint handleCancellation
WARNING: Unmatched cancel notification for request id 9616
2023.07.19 11:13:56 WARN  no build target for: /home/vpatel/Documents/Chisel/Chisel-Workspace/HBFP_Systolic_Array/src/main/scala/Systolic_Array.scala
2023.07.19 11:14:14 WARN  no build target for: /home/vpatel/Documents/Chisel/Chisel-Workspace/HBFP_Systolic_Array/src/main/scala/Systolic_Array.scala
2023.07.19 11:15:34 WARN  no build target for: /home/vpatel/Documents/Chisel/Chisel-Workspace/HBFP_Systolic_Array/src/main/scala/Systolic_Array.scala
2023.07.19 11:15:57 WARN  no build target for: /home/vpatel/Documents/Chisel/Chisel-Workspace/HBFP_Systolic_Array/src/main/scala/Systolic_Array.scala
2023.07.19 11:16:02 WARN  no build target for: /home/vpatel/Documents/Chisel/Chisel-Workspace/HBFP_Systolic_Array/src/main/scala/Systolic_Array.scala
2023.07.19 11:16:19 WARN  no build target for: /home/vpatel/Documents/Chisel/Chisel-Workspace/HBFP_Systolic_Array/src/main/scala/Systolic_Array.scala
2023.07.19 11:16:47 WARN  no build target for: /home/vpatel/Documents/Chisel/Chisel-Workspace/HBFP_Systolic_Array/src/main/scala/Systolic_Array.scala
2023.07.19 11:17:06 WARN  no build target for: /home/vpatel/Documents/Chisel/Chisel-Workspace/HBFP_Systolic_Array/src/main/scala/Systolic_Array.scala
2023.07.19 11:17:16 WARN  no build target for: /home/vpatel/Documents/Chisel/Chisel-Workspace/HBFP_Systolic_Array/src/main/scala/Systolic_Array.scala
Jul 19, 2023 11:18:10 AM org.eclipse.lsp4j.jsonrpc.services.GenericEndpoint notify
INFO: Unsupported notification method: $/setTrace
2023.07.19 11:25:06 WARN  no build target for: /home/vpatel/Documents/Chisel/Chisel-Workspace/HBFP_Accelerator/src/main/scala/bundled_hbfp.scala
2023.07.19 11:25:23 WARN  no build target for: /home/vpatel/Documents/Chisel/Chisel-Workspace/HBFP_Systolic_Array/src/main/scala/Systolic_Array.scala
2023.07.19 11:25:36 WARN  no build target for: /home/vpatel/Documents/Chisel/Chisel-Workspace/HBFP_Accelerator/src/main/scala/MatMult_hbfp.scala
2023.07.19 11:26:03 WARN  no build target for: /home/vpatel/Documents/Chisel/Chisel-Workspace/HBFP_Accelerator/src/test/scala/MatMul_spec.scala
2023.07.19 11:29:06 WARN  no build target for: /home/vpatel/Documents/Chisel/Chisel-Workspace/HBFP_Systolic_Array/src/test/scala/HBFP_Systolic_Array_Spec.scala
2023.07.19 11:39:46 INFO  Started: Metals version 0.11.12 in workspace '/home/vpatel/Documents/Chisel/Chisel-Workspace' for client Visual Studio Code 1.80.1.
Jul 19, 2023 11:39:46 AM org.flywaydb.core.internal.license.VersionPrinter printVersionOnly
INFO: Flyway Community Edition 9.16.3 by Redgate
Jul 19, 2023 11:39:46 AM org.flywaydb.core.internal.license.VersionPrinter printVersion
INFO: See release notes here: https://rd.gt/416ObMi
Jul 19, 2023 11:39:46 AM org.flywaydb.core.internal.license.VersionPrinter printVersion
INFO: 
Jul 19, 2023 11:39:46 AM org.flywaydb.core.internal.database.base.BaseDatabaseType createDatabase
INFO: Database: jdbc:h2:file:/home/vpatel/Documents/Chisel/Chisel-Workspace/.metals/metals (H2 2.1)
Jul 19, 2023 11:39:46 AM org.flywaydb.core.internal.command.DbValidate validate
INFO: Successfully validated 4 migrations (execution time 00:00.035s)
Jul 19, 2023 11:39:46 AM org.flywaydb.core.internal.command.DbMigrate migrateGroup
INFO: Current version of schema "PUBLIC": 4
Jul 19, 2023 11:39:46 AM org.flywaydb.core.internal.command.DbMigrate logSummary
INFO: Schema "PUBLIC" is up to date. No migration necessary.
2023.07.19 11:39:47 INFO  time: initialize in 0.46s
2023.07.19 11:39:49 WARN  Build server is not auto-connectable.
2023.07.19 11:39:49 WARN  no build tool detected in workspace '/home/vpatel/Documents/Chisel/Chisel-Workspace'. The most common cause for this problem is that the editor was opened in the wrong working directory, for example if you use sbt then the workspace directory should contain build.sbt. 
2023.07.19 11:39:49 WARN  no build target for: /home/vpatel/Documents/Chisel/Chisel-Workspace/HBFP_Systolic_Array/src/test/scala/HBFP_Systolic_Array_Spec.scala
2023.07.19 11:39:52 INFO  no build target found for /home/vpatel/Documents/Chisel/Chisel-Workspace/HBFP_Systolic_Array/src/test/scala/HBFP_Systolic_Array_Spec.scala. Using presentation compiler with project's scala-library version: 3.2.2
2023.07.19 11:39:54 INFO  time: code lens generation in 5.07s
2023.07.19 11:41:06 WARN  no build target for: /home/vpatel/Documents/Chisel/Chisel-Workspace/HBFP_Accelerator/src/test/scala/HBFP_GEMMSpec.scala
2023.07.19 11:41:23 WARN  no build target for: /home/vpatel/Documents/Chisel/Chisel-Workspace/HBFP_Systolic_Array/src/test/scala/HBFP_Systolic_Array_Spec.scala
Jul 19, 2023 11:42:39 AM org.eclipse.lsp4j.jsonrpc.RemoteEndpoint handleCancellation
WARNING: Unmatched cancel notification for request id 116
Jul 19, 2023 11:42:39 AM org.eclipse.lsp4j.jsonrpc.RemoteEndpoint handleCancellation
WARNING: Unmatched cancel notification for request id 118
2023.07.19 11:43:04 WARN  no build target for: /home/vpatel/Documents/Chisel/Chisel-Workspace/HBFP_Systolic_Array/src/test/scala/HBFP_Systolic_Array_Spec.scala
Jul 19, 2023 11:43:24 AM org.eclipse.lsp4j.jsonrpc.RemoteEndpoint handleCancellation
WARNING: Unmatched cancel notification for request id 264
2023.07.19 11:43:29 WARN  no build target for: /home/vpatel/Documents/Chisel/Chisel-Workspace/HBFP_Systolic_Array/src/test/scala/HBFP_Systolic_Array_Spec.scala
2023.07.19 11:44:29 WARN  no build target for: /home/vpatel/Documents/Chisel/Chisel-Workspace/HBFP_Systolic_Array/src/test/scala/HBFP_Systolic_Array_Spec.scala
2023.07.19 11:44:34 WARN  no build target for: /home/vpatel/Documents/Chisel/Chisel-Workspace/HBFP_Systolic_Array/src/test/scala/HBFP_Systolic_Array_Spec.scala
2023.07.19 11:45:39 WARN  no build target for: /home/vpatel/Documents/Chisel/Chisel-Workspace/HBFP_Systolic_Array/src/test/scala/HBFP_Systolic_Array_Spec.scala
Jul 19, 2023 11:47:17 AM org.eclipse.lsp4j.jsonrpc.services.GenericEndpoint notify
INFO: Unsupported notification method: $/setTrace
2023.07.19 11:52:14 INFO  Shutting down server
2023.07.19 11:52:14 INFO  shutting down Metals
2023.07.19 11:52:14 INFO  Exiting server
2023.07.19 11:53:50 WARN  no build target for: /home/vpatel/Documents/Chisel/Chisel-Workspace/HBFP_Systolic_Array/src/main/scala/HBFP_Processing_Element.scala
2023.07.19 11:53:58 WARN  no build target for: /home/vpatel/Documents/Chisel/Chisel-Workspace/HBFP_Systolic_Array/src/main/scala/Systolic_Array.scala
2023.07.19 11:54:34 WARN  no build target for: /home/vpatel/Documents/Chisel/Chisel-Workspace/HBFP_Systolic_Array/src/main/scala/Systolic_Array.scala
2023.07.19 12:36:04 WARN  no build target for: /home/vpatel/Documents/Chisel/Chisel-Workspace/HBFP_Accelerator/src/main/scala/HBFP_MIXMAN_BUNDLE.scala
2023.07.19 12:36:10 WARN  no build target for: /home/vpatel/Documents/Chisel/Chisel-Workspace/HBFP_4bitx4mults_Systolic Array/src/main/scala/HBFP_Bundle.scala
2023.07.19 12:37:11 WARN  no build target for: /home/vpatel/Documents/Chisel/Chisel-Workspace/HBFP_4bitx4mults_Systolic Array/src/main/scala/HBFP_Bundle_MIXMAN_4x4.scala
2023.07.19 12:37:44 WARN  no build target for: /home/vpatel/Documents/Chisel/Chisel-Workspace/HBFP_4bitx4mults_Systolic Array/src/main/scala/HBFP_Adder.scala
2023.07.19 12:37:54 WARN  no build target for: /home/vpatel/Documents/Chisel/Chisel-Workspace/HBFP_Accelerator/src/main/scala/HBFP_ADDER_MIXMAN.scala
Jul 19, 2023 12:37:54 PM org.eclipse.lsp4j.jsonrpc.RemoteEndpoint handleCancellation
WARNING: Unmatched cancel notification for request id 565
2023.07.19 12:38:36 WARN  no build target for: /home/vpatel/Documents/Chisel/Chisel-Workspace/HBFP_4bitx4mults_Systolic Array/src/main/scala/HBFP_Adder_MIXMAN_4x4.scala
2023.07.19 12:38:37 WARN  no build target for: /home/vpatel/Documents/Chisel/Chisel-Workspace/HBFP_4bitx4mults_Systolic Array/src/main/scala/HBFP_Adder_MIXMAN_4x4.scala
2023.07.19 12:40:42 WARN  no build target for: /home/vpatel/Documents/Chisel/Chisel-Workspace/HBFP_4bitx4mults_Systolic Array/src/main/scala/HBFP_Adder_MIXMAN_4x4.scala
2023.07.19 12:40:58 WARN  no build target for: /home/vpatel/Documents/Chisel/Chisel-Workspace/HBFP_4bitx4mults_Systolic Array/src/main/scala/HBFP_MAC.scala
2023.07.19 12:41:11 WARN  no build target for: /home/vpatel/Documents/Chisel/Chisel-Workspace/HBFP_4bitx4mults_Systolic Array/src/main/scala/HBFP_MAC_MIXMAN_4x4.scala
2023.07.19 12:41:48 WARN  no build target for: /home/vpatel/Documents/Chisel/Chisel-Workspace/HBFP_4bitx4mults_Systolic Array/src/main/scala/HBFP_MAC_MIXMAN_4x4.scala
2023.07.19 12:42:22 WARN  no build target for: /home/vpatel/Documents/Chisel/Chisel-Workspace/HBFP_Accelerator/src/main/scala/HBFP_MIXMAN_GEMM.scala
2023.07.19 12:43:07 WARN  no build target for: /home/vpatel/Documents/Chisel/Chisel-Workspace/HBFP_Accelerator/src/main/scala/Systolic_Array_4bitx4mults.scala
2023.07.19 12:44:58 WARN  no build target for: /home/vpatel/Documents/Chisel/Chisel-Workspace/HBFP_4bitx4mults_Systolic Array/src/main/scala/HBFP_MAC_MIXMAN_4x4.scala
2023.07.19 12:45:20 WARN  no build target for: /home/vpatel/Documents/Chisel/Chisel-Workspace/HBFP_4bitx4mults_Systolic Array/src/main/scala/HBFP_Adder_MIXMAN_4x4.scala
2023.07.19 12:48:55 WARN  no build target for: /home/vpatel/Documents/Chisel/Chisel-Workspace/HBFP_4bitx4mults_Systolic Array/src/main/scala/HBFP_MAC_MIXMAN_4x4.scala
2023.07.19 12:49:09 WARN  no build target for: /home/vpatel/Documents/Chisel/Chisel-Workspace/HBFP_4bitx4mults_Systolic Array/src/main/scala/HBFP_MAC_MIXMAN_4x4.scala
2023.07.19 12:49:40 WARN  no build target for: /home/vpatel/Documents/Chisel/Chisel-Workspace/HBFP_4bitx4mults_Systolic Array/src/main/scala/HBFP_MAC_MIXMAN_4x4.scala
Jul 19, 2023 12:50:11 PM org.eclipse.lsp4j.jsonrpc.RemoteEndpoint handleCancellation
WARNING: Unmatched cancel notification for request id 1057
2023.07.19 12:50:17 WARN  no build target for: /home/vpatel/Documents/Chisel/Chisel-Workspace/HBFP_4bitx4mults_Systolic Array/src/main/scala/HBFP_MAC_MIXMAN_4x4.scala
2023.07.19 12:51:46 WARN  no build target for: /home/vpatel/Documents/Chisel/Chisel-Workspace/HBFP_4bitx4mults_Systolic Array/src/main/scala/HBFP_MAC_MIXMAN_4x4.scala
Jul 19, 2023 12:52:37 PM org.eclipse.lsp4j.jsonrpc.RemoteEndpoint handleCancellation
WARNING: Unmatched cancel notification for request id 1127
2023.07.19 12:52:48 WARN  no build target for: /home/vpatel/Documents/Chisel/Chisel-Workspace/HBFP_4bitx4mults_Systolic Array/src/main/scala/HBFP_MAC_MIXMAN_4x4.scala
2023.07.19 12:55:25 WARN  no build target for: /home/vpatel/Documents/Chisel/Chisel-Workspace/HBFP_4bitx4mults_Systolic Array/src/main/scala/HBFP_MAC_MIXMAN_4x4.scala
2023.07.19 12:55:40 WARN  no build target for: /home/vpatel/Documents/Chisel/Chisel-Workspace/HBFP_4bitx4mults_Systolic Array/src/main/scala/HBFP_MAC_MIXMAN_4x4.scala
2023.07.19 12:55:55 WARN  no build target for: /home/vpatel/Documents/Chisel/Chisel-Workspace/HBFP_4bitx4mults_Systolic Array/src/main/scala/HBFP_MAC_MIXMAN_4x4.scala
2023.07.19 12:58:05 WARN  no build target for: /home/vpatel/Documents/Chisel/Chisel-Workspace/HBFP_4bitx4mults_Systolic Array/src/main/scala/HBFP_Processing_Element.scala
2023.07.19 13:00:04 WARN  no build target for: /home/vpatel/Documents/Chisel/Chisel-Workspace/HBFP_4bitx4mults_Systolic Array/src/main/scala/HBFP_MAC_MIXMAN_4x4.scala
2023.07.19 13:00:06 WARN  no build target for: /home/vpatel/Documents/Chisel/Chisel-Workspace/HBFP_4bitx4mults_Systolic Array/src/main/scala/HBFP_Processing_Element_MIXMAN_4x4.scala
2023.07.19 13:01:16 WARN  no build target for: /home/vpatel/Documents/Chisel/Chisel-Workspace/HBFP_4bitx4mults_Systolic Array/src/main/scala/Systolic_Array.scala
2023.07.19 13:03:16 WARN  no build target for: /home/vpatel/Documents/Chisel/Chisel-Workspace/HBFP_4bitx4mults_Systolic Array/src/main/scala/Systolic_Array_MIXMAN_4x4.scala
2023.07.19 13:03:42 WARN  no build target for: /home/vpatel/Documents/Chisel/Chisel-Workspace/HBFP_4bitx4mults_Systolic Array/src/test/scala/HBFP_Systolic_Array_Spec.scala
Jul 19, 2023 1:04:04 PM org.eclipse.lsp4j.jsonrpc.RemoteEndpoint handleCancellation
WARNING: Unmatched cancel notification for request id 1536
2023.07.19 13:22:34 WARN  no build target for: /home/vpatel/Documents/Chisel/Chisel-Workspace/HBFP_Accelerator/src/test/scala/HBFP_GEMMSpec.scala
2023.07.19 13:24:57 WARN  no build target for: /home/vpatel/Documents/Chisel/Chisel-Workspace/HBFP_4bitx4mults_Systolic Array/src/test/scala/HBFP_Systolic_Array_Spec.scala
2023.07.19 13:25:14 WARN  no build target for: /home/vpatel/Documents/Chisel/Chisel-Workspace/HBFP_4bitx4mults_Systolic Array/src/test/scala/HBFP_Systolic_Array_MIXMAN_4x4_Spec.scala
2023.07.19 13:26:09 WARN  no build target for: /home/vpatel/Documents/Chisel/Chisel-Workspace/HBFP_4bitx4mults_Systolic_Array/src/test/scala/HBFP_Systolic_Array_MIXMAN_4x4_Spec.scala
2023.07.19 13:27:02 WARN  no build target for: /home/vpatel/Documents/Chisel/Chisel-Workspace/HBFP_4bitx4mults_Systolic_Array/src/test/scala/HBFP_Systolic_Array_MIXMAN_4x4_Spec.scala
Jul 19, 2023 1:34:23 PM org.eclipse.lsp4j.jsonrpc.services.GenericEndpoint notify
INFO: Unsupported notification method: $/setTrace
2023.07.19 13:46:32 WARN  no build target for: /home/vpatel/Documents/Chisel/Chisel-Workspace/HBFP_4bitx2mults_Systolic_Array/src/main/scala/HBFP_Adder_MIXMAN_4x4.scala
2023.07.19 13:46:45 WARN  no build target for: /home/vpatel/Documents/Chisel/Chisel-Workspace/HBFP_4bitx2mults_Systolic_Array/src/main/scala/HBFP_MAC_MIXMAN_4x4.scala
2023.07.19 13:49:38 WARN  no build target for: /home/vpatel/Documents/Chisel/Chisel-Workspace/HBFP_4bitx2mults_Systolic_Array/src/main/scala/HBFP_MAC_MIXMAN_4x2.scala
2023.07.19 13:49:56 WARN  no build target for: /home/vpatel/Documents/Chisel/Chisel-Workspace/HBFP_4bitx2mults_Systolic_Array/src/main/scala/HBFP_MAC_MIXMAN_4x2.scala
2023.07.19 13:54:54 WARN  no build target for: /home/vpatel/Documents/Chisel/Chisel-Workspace/HBFP_Accelerator/src/main/scala/Systolic_Array_4bitx2mults.scala
2023.07.19 13:59:37 WARN  no build target for: /home/vpatel/Documents/Chisel/Chisel-Workspace/HBFP_4bitx4mults_Systolic_Array/src/main/scala/HBFP_Adder_MIXMAN_4x4.scala
2023.07.19 13:59:53 WARN  no build target for: /home/vpatel/Documents/Chisel/Chisel-Workspace/HBFP_4bitx4mults_Systolic_Array/src/main/scala/HBFP_Bundle_MIXMAN_4x4.scala
2023.07.19 13:59:56 WARN  no build target for: /home/vpatel/Documents/Chisel/Chisel-Workspace/HBFP_4bitx4mults_Systolic_Array/src/main/scala/HBFP_MAC_MIXMAN_4x4.scala
2023.07.19 14:00:08 WARN  no build target for: /home/vpatel/Documents/Chisel/Chisel-Workspace/HBFP_4bitx4mults_Systolic_Array/src/main/scala/HBFP_Processing_Element_MIXMAN_4x4.scala
2023.07.19 14:00:16 WARN  no build target for: /home/vpatel/Documents/Chisel/Chisel-Workspace/HBFP_4bitx4mults_Systolic_Array/src/main/scala/Systolic_Array_MIXMAN_4x4.scala
2023.07.19 14:00:42 WARN  no build target for: /home/vpatel/Documents/Chisel/Chisel-Workspace/HBFP_4bitx4mults_Systolic_Array/src/main/scala/HBFP_MAC_MIXMAN_4x4.scala
2023.07.19 14:00:57 WARN  no build target for: /home/vpatel/Documents/Chisel/Chisel-Workspace/HBFP_4bitx4mults_Systolic_Array/src/main/scala/HBFP_MAC_MIXMAN_4x4.scala
2023.07.19 14:02:29 WARN  no build target for: /home/vpatel/Documents/Chisel/Chisel-Workspace/HBFP_4bitx4mults_Systolic_Array/src/main/scala/HBFP_MAC_MIXMAN_4x4.scala
2023.07.19 14:02:42 WARN  no build target for: /home/vpatel/Documents/Chisel/Chisel-Workspace/HBFP_4bitx4mults_Systolic_Array/src/main/scala/HBFP_MAC_MIXMAN_4x4.scala
2023.07.19 14:03:14 WARN  no build target for: /home/vpatel/Documents/Chisel/Chisel-Workspace/HBFP_4bitx4mults_Systolic_Array/src/main/scala/HBFP_MAC_MIXMAN_4x4.scala
2023.07.19 14:03:58 WARN  no build target for: /home/vpatel/Documents/Chisel/Chisel-Workspace/HBFP_4bitx4mults_Systolic_Array/src/main/scala/HBFP_MAC_MIXMAN_4x4.scala
2023.07.19 14:04:26 WARN  no build target for: /home/vpatel/Documents/Chisel/Chisel-Workspace/HBFP_4bitx4mults_Systolic_Array/src/main/scala/HBFP_MAC_MIXMAN_4x4.scala
2023.07.19 14:05:21 WARN  no build target for: /home/vpatel/Documents/Chisel/Chisel-Workspace/HBFP_4bitx4mults_Systolic_Array/src/main/scala/Systolic_Array_MIXMAN_4x4.scala
2023.07.19 14:11:17 WARN  no build target for: /home/vpatel/Documents/Chisel/Chisel-Workspace/HBFP_4bitx4mults_Systolic_Array/src/main/scala/HBFP_Processing_Element_MIXMAN_4x4.scala
2023.07.19 14:11:48 WARN  no build target for: /home/vpatel/Documents/Chisel/Chisel-Workspace/HBFP_4bitx4mults_Systolic_Array/src/main/scala/Systolic_Array_MIXMAN_4x4.scala
2023.07.19 14:12:12 WARN  no build target for: /home/vpatel/Documents/Chisel/Chisel-Workspace/HBFP_4bitx4mults_Systolic_Array/src/main/scala/HBFP_MAC_MIXMAN_4x4.scala
2023.07.19 14:13:26 WARN  no build target for: /home/vpatel/Documents/Chisel/Chisel-Workspace/HBFP_4bitx4mults_Systolic_Array/src/main/scala/Systolic_Array_MIXMAN_4x4.scala
2023.07.19 14:27:41 WARN  no build target for: /home/vpatel/Documents/Chisel/Chisel-Workspace/HBFP_4bitx2mults_Systolic_Array/src/main/scala/HBFP_MAC_MIXMAN_4x2.scala
2023.07.19 14:28:45 WARN  no build target for: /home/vpatel/Documents/Chisel/Chisel-Workspace/HBFP_Accelerator/src/main/scala/Systolic_Array_4bitx2mults.scala
2023.07.19 14:29:51 WARN  no build target for: /home/vpatel/Documents/Chisel/Chisel-Workspace/HBFP_4bitx2mults_Systolic_Array/src/main/scala/HBFP_MAC_MIXMAN_4x2.scala
Jul 19, 2023 2:30:02 PM org.eclipse.lsp4j.jsonrpc.RemoteEndpoint handleCancellation
WARNING: Unmatched cancel notification for request id 2553
2023.07.19 14:30:19 WARN  no build target for: /home/vpatel/Documents/Chisel/Chisel-Workspace/HBFP_4bitx2mults_Systolic_Array/src/main/scala/HBFP_MAC_MIXMAN_4x2.scala
2023.07.19 14:30:27 WARN  no build target for: /home/vpatel/Documents/Chisel/Chisel-Workspace/HBFP_4bitx4mults_Systolic_Array/src/main/scala/Systolic_Array_MIXMAN_4x4.scala
2023.07.19 14:30:40 WARN  no build target for: /home/vpatel/Documents/Chisel/Chisel-Workspace/HBFP_4bitx2mults_Systolic_Array/src/main/scala/HBFP_MAC_MIXMAN_4x2.scala
2023.07.19 14:30:48 WARN  no build target for: /home/vpatel/Documents/Chisel/Chisel-Workspace/HBFP_4bitx2mults_Systolic_Array/src/main/scala/HBFP_MAC_MIXMAN_4x2.scala
2023.07.19 14:32:23 WARN  no build target for: /home/vpatel/Documents/Chisel/Chisel-Workspace/HBFP_4bitx2mults_Systolic_Array/src/main/scala/HBFP_MAC_MIXMAN_4x2.scala
2023.07.19 14:35:46 WARN  no build target for: /home/vpatel/Documents/Chisel/Chisel-Workspace/HBFP_4bitx2mults_Systolic_Array/src/main/scala/HBFP_Processing_Element_MIXMAN_4x2.scala
2023.07.19 14:37:03 WARN  no build target for: /home/vpatel/Documents/Chisel/Chisel-Workspace/HBFP_4bitx2mults_Systolic_Array/src/main/scala/HBFP_Processing_Element_MIXMAN_4x2.scala
Jul 19, 2023 2:37:12 PM org.eclipse.lsp4j.jsonrpc.RemoteEndpoint handleCancellation
WARNING: Unmatched cancel notification for request id 3044
Jul 19, 2023 2:37:14 PM org.eclipse.lsp4j.jsonrpc.RemoteEndpoint handleCancellation
WARNING: Unmatched cancel notification for request id 3060
2023.07.19 14:37:19 WARN  no build target for: /home/vpatel/Documents/Chisel/Chisel-Workspace/HBFP_4bitx2mults_Systolic_Array/src/main/scala/HBFP_Processing_Element_MIXMAN_4x2.scala
2023.07.19 14:38:55 WARN  no build target for: /home/vpatel/Documents/Chisel/Chisel-Workspace/HBFP_4bitx2mults_Systolic_Array/src/main/scala/Systolic_Array_MIXMAN_4x2.scala
Jul 19, 2023 2:43:03 PM org.eclipse.lsp4j.jsonrpc.RemoteEndpoint handleCancellation
WARNING: Unmatched cancel notification for request id 3210
2023.07.19 14:43:41 WARN  no build target for: /home/vpatel/Documents/Chisel/Chisel-Workspace/HBFP_4bitx2mults_Systolic_Array/src/main/scala/Systolic_Array_MIXMAN_4x2.scala
2023.07.19 14:45:12 WARN  no build target for: /home/vpatel/Documents/Chisel/Chisel-Workspace/HBFP_4bitx2mults_Systolic_Array/src/main/scala/Systolic_Array_MIXMAN_4x2.scala
2023.07.19 14:45:24 WARN  no build target for: /home/vpatel/Documents/Chisel/Chisel-Workspace/HBFP_4bitx2mults_Systolic_Array/src/main/scala/Systolic_Array_MIXMAN_4x2.scala
2023.07.19 14:46:59 WARN  no build target for: /home/vpatel/Documents/Chisel/Chisel-Workspace/HBFP_4bitx2mults_Systolic_Array/src/main/scala/Systolic_Array_MIXMAN_4x2.scala
2023.07.19 14:47:14 WARN  no build target for: /home/vpatel/Documents/Chisel/Chisel-Workspace/HBFP_4bitx2mults_Systolic_Array/src/main/scala/Systolic_Array_MIXMAN_4x2.scala
2023.07.19 14:47:26 WARN  no build target for: /home/vpatel/Documents/Chisel/Chisel-Workspace/HBFP_4bitx2mults_Systolic_Array/src/main/scala/Systolic_Array_MIXMAN_4x2.scala
2023.07.19 14:48:25 WARN  no build target for: /home/vpatel/Documents/Chisel/Chisel-Workspace/HBFP_4bitx2mults_Systolic_Array/src/main/scala/Systolic_Array_MIXMAN_4x2.scala
2023.07.19 14:48:51 WARN  no build target for: /home/vpatel/Documents/Chisel/Chisel-Workspace/HBFP_4bitx2mults_Systolic_Array/src/main/scala/Systolic_Array_MIXMAN_4x2.scala
2023.07.19 14:48:59 WARN  no build target for: /home/vpatel/Documents/Chisel/Chisel-Workspace/HBFP_4bitx2mults_Systolic_Array/src/main/scala/Systolic_Array_MIXMAN_4x2.scala
2023.07.19 14:49:34 WARN  no build target for: /home/vpatel/Documents/Chisel/Chisel-Workspace/HBFP_4bitx2mults_Systolic_Array/src/main/scala/Systolic_Array_MIXMAN_4x2.scala
2023.07.19 14:50:03 WARN  no build target for: /home/vpatel/Documents/Chisel/Chisel-Workspace/HBFP_4bitx2mults_Systolic_Array/src/main/scala/Systolic_Array_MIXMAN_4x2.scala
2023.07.19 14:51:26 WARN  no build target for: /home/vpatel/Documents/Chisel/Chisel-Workspace/HBFP_4bitx2mults_Systolic_Array/src/test/scala/HBFP_Systolic_Array_MIXMAN_4x4_Spec.scala
2023.07.19 14:51:34 WARN  no build target for: /home/vpatel/Documents/Chisel/Chisel-Workspace/HBFP_4bitx2mults_Systolic_Array/src/test/scala/HBFP_Systolic_Array_MIXMAN_4x2_Spec.scala
2023.07.19 14:51:53 WARN  no build target for: /home/vpatel/Documents/Chisel/Chisel-Workspace/HBFP_4bitx2mults_Systolic_Array/src/test/scala/HBFP_Systolic_Array_MIXMAN_4x2_Spec.scala
2023.07.19 14:55:17 WARN  no build target for: /home/vpatel/Documents/Chisel/Chisel-Workspace/HBFP_4bitx2mults_Systolic_Array/src/main/scala/Systolic_Array_MIXMAN_4x2.scala
2023.07.19 14:56:41 WARN  no build target for: /home/vpatel/Documents/Chisel/Chisel-Workspace/HBFP_4bitx2mults_Systolic_Array/src/main/scala/Systolic_Array_MIXMAN_4x2.scala
2023.07.19 14:57:26 WARN  no build target for: /home/vpatel/Documents/Chisel/Chisel-Workspace/HBFP_4bitx2mults_Systolic_Array/src/main/scala/Systolic_Array_MIXMAN_4x2.scala
2023.07.19 14:58:01 WARN  no build target for: /home/vpatel/Documents/Chisel/Chisel-Workspace/HBFP_4bitx2mults_Systolic_Array/src/main/scala/Systolic_Array_MIXMAN_4x2.scala
2023.07.19 15:00:02 WARN  no build target for: /home/vpatel/Documents/Chisel/Chisel-Workspace/HBFP_4bitx2mults_Systolic_Array/src/main/scala/Systolic_Array_MIXMAN_4x2.scala
2023.07.19 15:00:58 WARN  no build target for: /home/vpatel/Documents/Chisel/Chisel-Workspace/HBFP_4bitx2mults_Systolic_Array/src/main/scala/Systolic_Array_MIXMAN_4x2.scala
2023.07.19 15:01:45 WARN  no build target for: /home/vpatel/Documents/Chisel/Chisel-Workspace/HBFP_4bitx2mults_Systolic_Array/src/main/scala/Systolic_Array_MIXMAN_4x2.scala
Jul 19, 2023 3:02:24 PM org.eclipse.lsp4j.jsonrpc.RemoteEndpoint handleCancellation
WARNING: Unmatched cancel notification for request id 5316
2023.07.19 15:02:47 WARN  no build target for: /home/vpatel/Documents/Chisel/Chisel-Workspace/HBFP_4bitx2mults_Systolic_Array/src/main/scala/Systolic_Array_MIXMAN_4x2.scala
Exception in thread "pool-3-thread-1" java.lang.InterruptedException
	at scala.meta.internal.metals.FutureCancelToken.checkCanceled(FutureCancelToken.scala:29)
	at scala.meta.internal.pc.CompilerAccess.onCompilerJobQueue$$anonfun$1(CompilerAccess.scala:195)
	at scala.meta.internal.pc.CompilerJobQueue$Job.run(CompilerJobQueue.scala:152)
	at java.base/java.util.concurrent.ThreadPoolExecutor.runWorker(ThreadPoolExecutor.java:1128)
	at java.base/java.util.concurrent.ThreadPoolExecutor$Worker.run(ThreadPoolExecutor.java:628)
	at java.base/java.lang.Thread.run(Thread.java:829)
Exception in thread "pool-3-thread-2" java.lang.InterruptedException
	at scala.meta.internal.metals.FutureCancelToken.checkCanceled(FutureCancelToken.scala:29)
	at scala.meta.internal.pc.CompilerAccess.onCompilerJobQueue$$anonfun$1(CompilerAccess.scala:195)
	at scala.meta.internal.pc.CompilerJobQueue$Job.run(CompilerJobQueue.scala:152)
	at java.base/java.util.concurrent.ThreadPoolExecutor.runWorker(ThreadPoolExecutor.java:1128)
	at java.base/java.util.concurrent.ThreadPoolExecutor$Worker.run(ThreadPoolExecutor.java:628)
	at java.base/java.lang.Thread.run(Thread.java:829)
2023.07.19 15:04:18 WARN  no build target for: /home/vpatel/Documents/Chisel/Chisel-Workspace/HBFP_4bitx2mults_Systolic_Array/src/main/scala/Systolic_Array_MIXMAN_4x2.scala
2023.07.19 15:04:31 WARN  no build target for: /home/vpatel/Documents/Chisel/Chisel-Workspace/HBFP_4bitx2mults_Systolic_Array/src/main/scala/HBFP_Adder_MIXMAN_4x2.scala
Jul 19, 2023 3:05:24 PM org.eclipse.lsp4j.jsonrpc.RemoteEndpoint handleCancellation
WARNING: Unmatched cancel notification for request id 5599
2023.07.19 15:05:42 WARN  no build target for: /home/vpatel/Documents/Chisel/Chisel-Workspace/HBFP_4bitx2mults_Systolic_Array/src/main/scala/HBFP_Processing_Element_MIXMAN_4x2.scala
2023.07.19 15:10:39 WARN  no build target for: /home/vpatel/Documents/Chisel/Chisel-Workspace/HBFP_4bitx2mults_Systolic_Array/src/main/scala/HBFP_Processing_Element_MIXMAN_4x2.scala
2023.07.19 15:12:38 WARN  no build target for: /home/vpatel/Documents/Chisel/Chisel-Workspace/HBFP_4bitx2mults_Systolic_Array/src/main/scala/HBFP_Processing_Element_MIXMAN_4x2.scala
2023.07.19 15:13:10 WARN  no build target for: /home/vpatel/Documents/Chisel/Chisel-Workspace/HBFP_4bitx2mults_Systolic_Array/src/main/scala/HBFP_Processing_Element_MIXMAN_4x2.scala
2023.07.19 15:24:36 WARN  no build target for: /home/vpatel/Documents/Chisel/Chisel-Workspace/HBFP_4bitx2mults_Systolic_Array/src/test/scala/HBFP_Systolic_Array_MIXMAN_4x2_Spec.scala
2023.07.19 15:24:44 WARN  no build target for: /home/vpatel/Documents/Chisel/Chisel-Workspace/HBFP_4bitx2mults_Systolic_Array/src/test/scala/HBFP_Systolic_Array_MIXMAN_4x2_Spec.scala
2023.07.19 15:31:30 INFO  Shutting down server
2023.07.19 15:31:30 INFO  shutting down Metals
2023.07.19 15:31:30 INFO  Exiting server
2023.07.19 16:49:39 INFO  Started: Metals version 0.11.12 in workspace '/home/vpatel/Documents/Chisel/Chisel-Workspace' for client Visual Studio Code 1.80.1.
Jul 19, 2023 4:49:39 PM org.flywaydb.core.internal.license.VersionPrinter printVersionOnly
INFO: Flyway Community Edition 9.16.3 by Redgate
Jul 19, 2023 4:49:39 PM org.flywaydb.core.internal.license.VersionPrinter printVersion
INFO: See release notes here: https://rd.gt/416ObMi
Jul 19, 2023 4:49:39 PM org.flywaydb.core.internal.license.VersionPrinter printVersion
INFO: 
Jul 19, 2023 4:49:39 PM org.flywaydb.core.internal.database.base.BaseDatabaseType createDatabase
INFO: Database: jdbc:h2:file:/home/vpatel/Documents/Chisel/Chisel-Workspace/.metals/metals (H2 2.1)
Jul 19, 2023 4:49:39 PM org.flywaydb.core.internal.command.DbValidate validate
INFO: Successfully validated 4 migrations (execution time 00:00.022s)
Jul 19, 2023 4:49:39 PM org.flywaydb.core.internal.command.DbMigrate migrateGroup
INFO: Current version of schema "PUBLIC": 4
Jul 19, 2023 4:49:39 PM org.flywaydb.core.internal.command.DbMigrate logSummary
INFO: Schema "PUBLIC" is up to date. No migration necessary.
2023.07.19 16:49:39 INFO  time: initialize in 0.65s
2023.07.19 16:49:41 WARN  Build server is not auto-connectable.
2023.07.19 16:49:41 WARN  no build tool detected in workspace '/home/vpatel/Documents/Chisel/Chisel-Workspace'. The most common cause for this problem is that the editor was opened in the wrong working directory, for example if you use sbt then the workspace directory should contain build.sbt. 
2023.07.19 16:49:41 WARN  no build target for: /home/vpatel/Documents/Chisel/Chisel-Workspace/HBFP_4bitx2mults_Systolic_Array/src/test/scala/HBFP_Systolic_Array_MIXMAN_4x2_Spec.scala
2023.07.19 16:49:45 INFO  no build target found for /home/vpatel/Documents/Chisel/Chisel-Workspace/HBFP_4bitx2mults_Systolic_Array/src/test/scala/HBFP_Systolic_Array_MIXMAN_4x2_Spec.scala. Using presentation compiler with project's scala-library version: 3.2.2
2023.07.19 16:49:47 INFO  time: code lens generation in 5.45s
2023.07.19 16:50:52 WARN  no build target for: /home/vpatel/Documents/Chisel/Chisel-Workspace/HBFP_Accelerator/src/main/scala/Systolic_Array_4bitx2mults.scala
2023.07.19 16:51:08 WARN  no build target for: /home/vpatel/Documents/Chisel/Chisel-Workspace/HBFP_4bitx2mults_Systolic_Array/src/main/scala/Systolic_Array_MIXMAN_4x2.scala
2023.07.19 16:53:30 WARN  no build target for: /home/vpatel/Documents/Chisel/Chisel-Workspace/HBFP_4bitx2mults_Systolic_Array/src/test/scala/HBFP_Systolic_Array_MIXMAN_4x2_Spec.scala
Jul 19, 2023 4:56:43 PM org.eclipse.lsp4j.jsonrpc.RemoteEndpoint handleCancellation
WARNING: Unmatched cancel notification for request id 133
Jul 19, 2023 4:56:51 PM org.eclipse.lsp4j.jsonrpc.RemoteEndpoint handleCancellation
WARNING: Unmatched cancel notification for request id 237
2023.07.19 16:56:59 WARN  no build target for: /home/vpatel/Documents/Chisel/Chisel-Workspace/HBFP_4bitx2mults_Systolic_Array/src/main/scala/Systolic_Array_MIXMAN_4x2.scala
2023.07.19 16:57:13 WARN  no build target for: /home/vpatel/Documents/Chisel/Chisel-Workspace/HBFP_4bitx2mults_Systolic_Array/src/main/scala/HBFP_Processing_Element_MIXMAN_4x2.scala
2023.07.19 16:57:33 WARN  no build target for: /home/vpatel/Documents/Chisel/Chisel-Workspace/HBFP_4bitx2mults_Systolic_Array/src/main/scala/HBFP_Processing_Element_MIXMAN_4x2.scala
2023.07.19 16:57:50 WARN  no build target for: /home/vpatel/Documents/Chisel/Chisel-Workspace/HBFP_4bitx2mults_Systolic_Array/src/main/scala/HBFP_Processing_Element_MIXMAN_4x2.scala
2023.07.19 16:59:10 WARN  no build target for: /home/vpatel/Documents/Chisel/Chisel-Workspace/HBFP_4bitx2mults_Systolic_Array/src/main/scala/HBFP_MAC_MIXMAN_4x2.scala
2023.07.19 16:59:59 WARN  no build target for: /home/vpatel/Documents/Chisel/Chisel-Workspace/HBFP_Accelerator/src/main/scala/Systolic_Array_4bitx2mults.scala
Jul 19, 2023 5:00:29 PM org.eclipse.lsp4j.jsonrpc.RemoteEndpoint handleCancellation
WARNING: Unmatched cancel notification for request id 436
Jul 19, 2023 5:00:31 PM org.eclipse.lsp4j.jsonrpc.RemoteEndpoint handleCancellation
WARNING: Unmatched cancel notification for request id 451
Jul 19, 2023 5:00:31 PM org.eclipse.lsp4j.jsonrpc.RemoteEndpoint handleCancellation
WARNING: Unmatched cancel notification for request id 453
Jul 19, 2023 5:00:31 PM org.eclipse.lsp4j.jsonrpc.RemoteEndpoint handleCancellation
WARNING: Unmatched cancel notification for request id 456
2023.07.19 17:00:32 WARN  no build target for: /home/vpatel/Documents/Chisel/Chisel-Workspace/HBFP_4bitx2mults_Systolic_Array/src/main/scala/HBFP_Processing_Element_MIXMAN_4x2.scala
2023.07.19 17:00:58 WARN  no build target for: /home/vpatel/Documents/Chisel/Chisel-Workspace/HBFP_Accelerator/src/main/scala/HBFP_MIXMAN_GEMM.scala
2023.07.19 17:03:52 WARN  no build target for: /home/vpatel/Documents/Chisel/Chisel-Workspace/HBFP_4bitx2mults_Systolic_Array/src/main/scala/Systolic_Array_MIXMAN_4x2.scala
2023.07.19 17:03:52 WARN  no build target for: /home/vpatel/Documents/Chisel/Chisel-Workspace/HBFP_Accelerator/src/main/scala/Systolic_Array_4bitx2mults.scala
2023.07.19 17:05:54 WARN  no build target for: /home/vpatel/Documents/Chisel/Chisel-Workspace/HBFP_4bitx2mults_Systolic_Array/src/main/scala/Systolic_Array_MIXMAN_4x2.scala
2023.07.19 17:43:39 INFO  Shutting down server
2023.07.19 17:43:39 INFO  shutting down Metals
2023.07.19 17:43:39 INFO  Exiting server
2023.07.19 17:43:47 INFO  Started: Metals version 0.11.12 in workspace '/home/vpatel/Documents/Chisel/Chisel-Workspace' for client Visual Studio Code 1.80.1.
Jul 19, 2023 5:43:47 PM org.flywaydb.core.internal.license.VersionPrinter printVersionOnly
INFO: Flyway Community Edition 9.16.3 by Redgate
Jul 19, 2023 5:43:47 PM org.flywaydb.core.internal.license.VersionPrinter printVersion
INFO: See release notes here: https://rd.gt/416ObMi
Jul 19, 2023 5:43:47 PM org.flywaydb.core.internal.license.VersionPrinter printVersion
INFO: 
Jul 19, 2023 5:43:48 PM org.flywaydb.core.internal.database.base.BaseDatabaseType createDatabase
INFO: Database: jdbc:h2:file:/home/vpatel/Documents/Chisel/Chisel-Workspace/.metals/metals (H2 2.1)
Jul 19, 2023 5:43:48 PM org.flywaydb.core.internal.command.DbValidate validate
INFO: Successfully validated 4 migrations (execution time 00:00.024s)
Jul 19, 2023 5:43:48 PM org.flywaydb.core.internal.command.DbMigrate migrateGroup
INFO: Current version of schema "PUBLIC": 4
Jul 19, 2023 5:43:48 PM org.flywaydb.core.internal.command.DbMigrate logSummary
INFO: Schema "PUBLIC" is up to date. No migration necessary.
2023.07.19 17:43:48 INFO  time: initialize in 0.72s
2023.07.19 17:43:50 WARN  Build server is not auto-connectable.
2023.07.19 17:43:50 WARN  no build tool detected in workspace '/home/vpatel/Documents/Chisel/Chisel-Workspace'. The most common cause for this problem is that the editor was opened in the wrong working directory, for example if you use sbt then the workspace directory should contain build.sbt. 
2023.07.19 17:43:50 WARN  no build target for: /home/vpatel/Documents/Chisel/Chisel-Workspace/HBFP_4bitx2mults_Systolic_Array/src/main/scala/HBFP_MAC_MIXMAN_4x2.scala
2023.07.19 17:43:53 INFO  no build target found for /home/vpatel/Documents/Chisel/Chisel-Workspace/HBFP_4bitx2mults_Systolic_Array/src/main/scala/HBFP_MAC_MIXMAN_4x2.scala. Using presentation compiler with project's scala-library version: 3.2.2
2023.07.19 17:43:55 INFO  time: code lens generation in 4.96s
2023.07.19 17:46:35 WARN  no build target for: /home/vpatel/Documents/Chisel/Chisel-Workspace/HBFP_4bitx2mults_Systolic_Array/src/main/scala/HBFP_Processing_Element_MIXMAN_4x2.scala
2023.07.19 17:46:39 WARN  no build target for: /home/vpatel/Documents/Chisel/Chisel-Workspace/HBFP_4bitx2mults_Systolic_Array/src/main/scala/Systolic_Array_MIXMAN_4x2.scala
2023.07.19 17:46:46 WARN  no build target for: /home/vpatel/Documents/Chisel/Chisel-Workspace/HBFP_4bitx2mults_Systolic_Array/src/test/scala/HBFP_Systolic_Array_MIXMAN_4x2_Spec.scala
Jul 19, 2023 5:46:58 PM org.eclipse.lsp4j.jsonrpc.RemoteEndpoint handleCancellation
WARNING: Unmatched cancel notification for request id 52
Jul 19, 2023 5:46:59 PM org.eclipse.lsp4j.jsonrpc.RemoteEndpoint handleCancellation
WARNING: Unmatched cancel notification for request id 92
Jul 19, 2023 5:47:00 PM org.eclipse.lsp4j.jsonrpc.RemoteEndpoint handleCancellation
WARNING: Unmatched cancel notification for request id 94
Jul 19, 2023 5:47:00 PM org.eclipse.lsp4j.jsonrpc.RemoteEndpoint handleCancellation
WARNING: Unmatched cancel notification for request id 95
Jul 19, 2023 5:47:00 PM org.eclipse.lsp4j.jsonrpc.RemoteEndpoint handleCancellation
WARNING: Unmatched cancel notification for request id 96
Jul 19, 2023 5:47:00 PM org.eclipse.lsp4j.jsonrpc.RemoteEndpoint handleCancellation
WARNING: Unmatched cancel notification for request id 97
2023.07.19 17:47:05 WARN  no build target for: /home/vpatel/Documents/Chisel/Chisel-Workspace/HBFP_4bitx2mults_Systolic_Array/src/test/scala/HBFP_Systolic_Array_MIXMAN_4x2_Spec.scala
2023.07.19 17:47:15 WARN  no build target for: /home/vpatel/Documents/Chisel/Chisel-Workspace/HBFP_4bitx2mults_Systolic_Array/src/test/scala/HBFP_Systolic_Array_MIXMAN_4x2_Spec.scala
2023.07.19 17:48:13 WARN  no build target for: /home/vpatel/Documents/Chisel/Chisel-Workspace/HBFP_Accelerator/src/main/scala/Systolic_Array_4bitx2mults.scala
2023.07.19 17:48:19 WARN  no build target for: /home/vpatel/Documents/Chisel/Chisel-Workspace/HBFP_4bitx2mults_Systolic_Array/src/test/scala/HBFP_Systolic_Array_MIXMAN_4x2_Spec.scala
2023.07.19 17:48:35 WARN  no build target for: /home/vpatel/Documents/Chisel/Chisel-Workspace/HBFP_4bitx2mults_Systolic_Array/src/test/scala/HBFP_Systolic_Array_MIXMAN_4x2_Spec.scala
2023.07.19 17:55:46 WARN  no build target for: /home/vpatel/Documents/Chisel/Chisel-Workspace/HBFP_4bitx2mults_Systolic_Array/src/test/scala/HBFP_Systolic_Array_MIXMAN_4x2_Spec.scala
Jul 19, 2023 5:58:08 PM org.eclipse.lsp4j.jsonrpc.RemoteEndpoint handleCancellation
WARNING: Unmatched cancel notification for request id 324
Jul 19, 2023 5:58:08 PM org.eclipse.lsp4j.jsonrpc.RemoteEndpoint handleCancellation
WARNING: Unmatched cancel notification for request id 329
Jul 19, 2023 5:58:08 PM org.eclipse.lsp4j.jsonrpc.RemoteEndpoint handleCancellation
WARNING: Unmatched cancel notification for request id 335
Jul 19, 2023 5:58:09 PM org.eclipse.lsp4j.jsonrpc.RemoteEndpoint handleCancellation
WARNING: Unmatched cancel notification for request id 355
2023.07.19 17:58:12 WARN  no build target for: /home/vpatel/Documents/Chisel/Chisel-Workspace/HBFP_4bitx2mults_Systolic_Array/src/test/scala/HBFP_Systolic_Array_MIXMAN_4x2_Spec.scala
2023.07.19 18:02:27 WARN  no build target for: /home/vpatel/Documents/Chisel/Chisel-Workspace/HBFP_4bitx2mults_Systolic_Array/src/test/scala/HBFP_Systolic_Array_MIXMAN_4x2_Spec.scala
2023.07.19 18:05:34 WARN  no build target for: /home/vpatel/Documents/Chisel/Chisel-Workspace/HBFP_4bitx2mults_Systolic_Array/src/main/scala/HBFP_MAC_MIXMAN_4x2.scala
Jul 19, 2023 6:07:33 PM org.eclipse.lsp4j.jsonrpc.RemoteEndpoint handleCancellation
WARNING: Unmatched cancel notification for request id 428
2023.07.19 18:07:36 WARN  no build target for: /home/vpatel/Documents/Chisel/Chisel-Workspace/HBFP_4bitx2mults_Systolic_Array/src/main/scala/HBFP_MAC_MIXMAN_4x2.scala
2023.07.19 18:07:47 WARN  no build target for: /home/vpatel/Documents/Chisel/Chisel-Workspace/HBFP_4bitx2mults_Systolic_Array/src/main/scala/HBFP_MAC_MIXMAN_4x2.scala
2023.07.19 18:08:21 WARN  no build target for: /home/vpatel/Documents/Chisel/Chisel-Workspace/HBFP_4bitx2mults_Systolic_Array/src/main/scala/HBFP_MAC_MIXMAN_4x2.scala
2023.07.19 18:13:08 WARN  no build target for: /home/vpatel/Documents/Chisel/Chisel-Workspace/HBFP_4bitx2mults_Systolic_Array/src/main/scala/HBFP_MAC_MIXMAN_4x2.scala
2023.07.19 18:13:33 WARN  no build target for: /home/vpatel/Documents/Chisel/Chisel-Workspace/HBFP_4bitx2mults_Systolic_Array/src/main/scala/HBFP_MAC_MIXMAN_4x2.scala
2023.07.19 18:13:58 WARN  no build target for: /home/vpatel/Documents/Chisel/Chisel-Workspace/HBFP_4bitx2mults_Systolic_Array/src/main/scala/HBFP_MAC_MIXMAN_4x2.scala
2023.07.19 18:15:29 WARN  no build target for: /home/vpatel/Documents/Chisel/Chisel-Workspace/HBFP_4bitx2mults_Systolic_Array/src/main/scala/HBFP_MAC_MIXMAN_4x2.scala
2023.07.19 18:21:01 WARN  no build target for: /home/vpatel/Documents/Chisel/Chisel-Workspace/HBFP_4bitx2mults_Systolic_Array/src/main/scala/HBFP_MAC_MIXMAN_4x2.scala
Jul 19, 2023 6:21:02 PM org.eclipse.lsp4j.jsonrpc.RemoteEndpoint handleCancellation
WARNING: Unmatched cancel notification for request id 876
Jul 19, 2023 6:21:02 PM org.eclipse.lsp4j.jsonrpc.RemoteEndpoint handleCancellation
WARNING: Unmatched cancel notification for request id 880
Jul 19, 2023 6:21:02 PM org.eclipse.lsp4j.jsonrpc.RemoteEndpoint handleCancellation
WARNING: Unmatched cancel notification for request id 887
Jul 19, 2023 6:21:02 PM org.eclipse.lsp4j.jsonrpc.RemoteEndpoint handleCancellation
WARNING: Unmatched cancel notification for request id 892
2023.07.19 18:21:05 WARN  no build target for: /home/vpatel/Documents/Chisel/Chisel-Workspace/HBFP_4bitx2mults_Systolic_Array/src/main/scala/HBFP_MAC_MIXMAN_4x2.scala
2023.07.19 18:23:20 WARN  no build target for: /home/vpatel/Documents/Chisel/Chisel-Workspace/HBFP_4bitx2mults_Systolic_Array/src/test/scala/HBFP_Systolic_Array_MIXMAN_4x2_Spec.scala
2023.07.19 18:23:59 INFO  Shutting down server
2023.07.19 18:23:59 INFO  shutting down Metals
2023.07.19 18:23:59 INFO  Exiting server
2023.07.19 19:04:45 INFO  Started: Metals version 0.11.12 in workspace '/home/vpatel/Documents/Chisel/Chisel-Workspace' for client Visual Studio Code 1.80.1.
Jul 19, 2023 7:04:45 PM org.flywaydb.core.internal.license.VersionPrinter printVersionOnly
INFO: Flyway Community Edition 9.16.3 by Redgate
Jul 19, 2023 7:04:45 PM org.flywaydb.core.internal.license.VersionPrinter printVersion
INFO: See release notes here: https://rd.gt/416ObMi
Jul 19, 2023 7:04:45 PM org.flywaydb.core.internal.license.VersionPrinter printVersion
INFO: 
Jul 19, 2023 7:04:45 PM org.flywaydb.core.internal.database.base.BaseDatabaseType createDatabase
INFO: Database: jdbc:h2:file:/home/vpatel/Documents/Chisel/Chisel-Workspace/.metals/metals (H2 2.1)
Jul 19, 2023 7:04:45 PM org.flywaydb.core.internal.command.DbValidate validate
INFO: Successfully validated 4 migrations (execution time 00:00.024s)
Jul 19, 2023 7:04:45 PM org.flywaydb.core.internal.command.DbMigrate migrateGroup
INFO: Current version of schema "PUBLIC": 4
Jul 19, 2023 7:04:45 PM org.flywaydb.core.internal.command.DbMigrate logSummary
INFO: Schema "PUBLIC" is up to date. No migration necessary.
2023.07.19 19:04:46 INFO  time: initialize in 0.92s
2023.07.19 19:04:48 WARN  Build server is not auto-connectable.
2023.07.19 19:04:48 WARN  no build tool detected in workspace '/home/vpatel/Documents/Chisel/Chisel-Workspace'. The most common cause for this problem is that the editor was opened in the wrong working directory, for example if you use sbt then the workspace directory should contain build.sbt. 
2023.07.19 19:04:48 WARN  no build target for: /home/vpatel/Documents/Chisel/Chisel-Workspace/HBFP_4bitx2mults_Systolic_Array/src/main/scala/HBFP_Processing_Element_MIXMAN_4x2.scala
2023.07.19 19:04:48 WARN  no build target for: /home/vpatel/Documents/Chisel/Chisel-Workspace/HBFP_4bitx2mults_Systolic_Array/src/main/scala/HBFP_MAC_MIXMAN_4x2.scala
2023.07.19 19:04:51 INFO  no build target found for /home/vpatel/Documents/Chisel/Chisel-Workspace/HBFP_4bitx2mults_Systolic_Array/src/main/scala/HBFP_Processing_Element_MIXMAN_4x2.scala. Using presentation compiler with project's scala-library version: 3.2.2
2023.07.19 19:04:53 INFO  time: code lens generation in 4.8s
2023.07.19 19:04:55 WARN  no build target for: /home/vpatel/Documents/Chisel/Chisel-Workspace/HBFP_4bitx2mults_Systolic_Array/src/main/scala/Systolic_Array_MIXMAN_4x2.scala
2023.07.19 19:05:16 WARN  no build target for: /home/vpatel/Documents/Chisel/Chisel-Workspace/HBFP_4bitx2mults_Systolic_Array/src/test/scala/HBFP_Systolic_Array_MIXMAN_4x2_Spec.scala
2023.07.19 19:05:22 WARN  no build target for: /home/vpatel/Documents/Chisel/Chisel-Workspace/HBFP_4bitx2mults_Systolic_Array/src/test/scala/HBFP_Systolic_Array_MIXMAN_4x2_Spec.scala
2023.07.19 19:29:07 INFO  Shutting down server
2023.07.19 19:29:07 INFO  shutting down Metals
2023.07.19 19:29:07 INFO  Exiting server
