2023.05.11 10:08:51 INFO  Started: Metals version 0.11.12 in workspace '/home/vrajesh/Documents/Chisel/chisel-lab' for client Visual Studio Code 1.72.1.
May 11, 2023 10:08:51 AM org.flywaydb.core.internal.license.VersionPrinter printVersionOnly
INFO: Flyway Community Edition 9.16.3 by Redgate
May 11, 2023 10:08:51 AM org.flywaydb.core.internal.license.VersionPrinter printVersion
INFO: See release notes here: https://rd.gt/416ObMi
May 11, 2023 10:08:51 AM org.flywaydb.core.internal.license.VersionPrinter printVersion
INFO: 
May 11, 2023 10:08:52 AM org.flywaydb.core.internal.database.base.BaseDatabaseType createDatabase
INFO: Database: jdbc:h2:file:/home/vrajesh/Documents/Chisel/chisel-lab/.metals/metals (H2 2.1)
May 11, 2023 10:08:52 AM org.flywaydb.core.internal.schemahistory.JdbcTableSchemaHistory allAppliedMigrations
INFO: Schema history table "PUBLIC"."flyway_schema_history" does not exist yet
May 11, 2023 10:08:52 AM org.flywaydb.core.internal.command.DbValidate validate
INFO: Successfully validated 4 migrations (execution time 00:00.023s)
May 11, 2023 10:08:52 AM org.flywaydb.core.internal.schemahistory.JdbcTableSchemaHistory create
INFO: Creating Schema History table "PUBLIC"."flyway_schema_history" ...
May 11, 2023 10:08:52 AM org.flywaydb.core.internal.command.DbMigrate migrateGroup
INFO: Current version of schema "PUBLIC": << Empty Schema >>
May 11, 2023 10:08:52 AM org.flywaydb.core.internal.command.DbMigrate doMigrateGroup
INFO: Migrating schema "PUBLIC" to version "1 - Create tables"
May 11, 2023 10:08:52 AM org.flywaydb.core.internal.command.DbMigrate doMigrateGroup
INFO: Migrating schema "PUBLIC" to version "2 - Server discovery"
May 11, 2023 10:08:52 AM org.flywaydb.core.internal.command.DbMigrate doMigrateGroup
INFO: Migrating schema "PUBLIC" to version "3 - Jar symbols"
May 11, 2023 10:08:52 AM org.flywaydb.core.internal.command.DbMigrate doMigrateGroup
INFO: Migrating schema "PUBLIC" to version "4 - Fingerprints"
May 11, 2023 10:08:52 AM org.flywaydb.core.internal.command.DbMigrate logSummary
INFO: Successfully applied 4 migrations to schema "PUBLIC", now at version v4 (execution time 00:00.075s)
2023.05.11 10:08:52 INFO  time: initialize in 0.61s
2023.05.11 10:08:54 WARN  Build server is not auto-connectable.
2023.05.11 10:08:54 WARN  no build tool detected in workspace '/home/vrajesh/Documents/Chisel/chisel-lab'. The most common cause for this problem is that the editor was opened in the wrong working directory, for example if you use sbt then the workspace directory should contain build.sbt. 
2023.05.11 10:08:54 WARN  no build target for: /home/vrajesh/Documents/Chisel/chisel-lab/lab1/src/main/scala/Hello.scala
May 11, 2023 10:08:55 AM org.eclipse.lsp4j.jsonrpc.RemoteEndpoint handleCancellation
WARNING: Unmatched cancel notification for request id 2
May 11, 2023 10:08:55 AM org.eclipse.lsp4j.jsonrpc.RemoteEndpoint handleCancellation
WARNING: Unmatched cancel notification for request id 1
2023.05.11 10:08:55 WARN  no build target for: /home/vrajesh/Documents/Chisel/chisel-lab/lab1/src/test/scala/HelloSpec.scala
May 11, 2023 10:08:55 AM org.eclipse.lsp4j.jsonrpc.RemoteEndpoint handleCancellation
WARNING: Unmatched cancel notification for request id 5
2023.05.11 10:08:58 INFO  no build target found for /home/vrajesh/Documents/Chisel/chisel-lab/lab1/src/main/scala/Hello.scala. Using presentation compiler with project's scala-library version: 3.2.2
2023.05.11 10:09:00 INFO  time: code lens generation in 5.57s
2023.05.11 10:09:36 WARN  no build target for: /home/vrajesh/Documents/Chisel/chisel-lab/lab1/build.sbt
May 11, 2023 10:13:42 AM org.eclipse.lsp4j.jsonrpc.services.GenericEndpoint notify
INFO: Unsupported notification method: $/setTrace
2023.05.11 10:13:53 WARN  no build target for: /home/vrajesh/Documents/Chisel/chisel-lab/lab1/build.sbt
2023.05.11 10:22:01 WARN  no build target for: /home/vrajesh/Documents/Chisel/chisel-lab/lab1/src/main/scala/Hello.scala
2023.05.11 10:27:06 WARN  no build target for: /home/vrajesh/Documents/Chisel/chisel-lab/lab1/src/main/scala/Hello.scala
2023.05.11 10:27:21 WARN  no build target for: /home/vrajesh/Documents/Chisel/chisel-lab/lab1/src/main/scala/Hello.scala
2023.05.11 10:28:57 INFO  Shutting down server
2023.05.11 10:28:57 INFO  shutting down Metals
2023.05.11 10:28:57 INFO  Exiting server
2023.05.11 10:37:59 INFO  Started: Metals version 0.11.12 in workspace '/home/vrajesh/Documents/Chisel/chisel-lab' for client Visual Studio Code 1.72.1.
May 11, 2023 10:37:59 AM org.flywaydb.core.internal.license.VersionPrinter printVersionOnly
INFO: Flyway Community Edition 9.16.3 by Redgate
May 11, 2023 10:37:59 AM org.flywaydb.core.internal.license.VersionPrinter printVersion
INFO: See release notes here: https://rd.gt/416ObMi
May 11, 2023 10:37:59 AM org.flywaydb.core.internal.license.VersionPrinter printVersion
INFO: 
May 11, 2023 10:38:00 AM org.flywaydb.core.internal.database.base.BaseDatabaseType createDatabase
INFO: Database: jdbc:h2:file:/home/vrajesh/Documents/Chisel/chisel-lab/.metals/metals (H2 2.1)
May 11, 2023 10:38:00 AM org.flywaydb.core.internal.command.DbValidate validate
INFO: Successfully validated 4 migrations (execution time 00:00.023s)
May 11, 2023 10:38:00 AM org.flywaydb.core.internal.command.DbMigrate migrateGroup
INFO: Current version of schema "PUBLIC": 4
May 11, 2023 10:38:00 AM org.flywaydb.core.internal.command.DbMigrate logSummary
INFO: Schema "PUBLIC" is up to date. No migration necessary.
2023.05.11 10:38:00 INFO  time: initialize in 0.59s
2023.05.11 10:38:02 WARN  Build server is not auto-connectable.
2023.05.11 10:38:02 WARN  no build tool detected in workspace '/home/vrajesh/Documents/Chisel/chisel-lab'. The most common cause for this problem is that the editor was opened in the wrong working directory, for example if you use sbt then the workspace directory should contain build.sbt. 
2023.05.11 10:38:02 WARN  no build target for: /home/vrajesh/Documents/Chisel/chisel-lab/lab1/src/main/scala/Hello.scala
2023.05.11 10:38:05 INFO  no build target found for /home/vrajesh/Documents/Chisel/chisel-lab/lab1/src/main/scala/Hello.scala. Using presentation compiler with project's scala-library version: 3.2.2
May 11, 2023 10:38:05 AM org.eclipse.lsp4j.jsonrpc.RemoteEndpoint handleCancellation
WARNING: Unmatched cancel notification for request id 2
2023.05.11 10:38:07 INFO  time: code lens generation in 4.68s
2023.05.11 10:44:28 WARN  no build target for: /home/vrajesh/Documents/Chisel/chisel-lab/lab1/build.sbt
2023.05.11 10:44:38 WARN  no build target for: /home/vrajesh/Documents/Chisel/chisel-lab/lab2/build.sbt
May 11, 2023 10:44:38 AM org.eclipse.lsp4j.jsonrpc.RemoteEndpoint handleCancellation
WARNING: Unmatched cancel notification for request id 45
2023.05.11 10:44:54 WARN  no build target for: /home/vrajesh/Documents/Chisel/chisel-lab/lab2/build.sbt
2023.05.11 10:44:59 WARN  no build target for: /home/vrajesh/Documents/Chisel/chisel-lab/lab1/build.sbt
2023.05.11 10:45:21 WARN  no build target for: /home/vrajesh/Documents/Chisel/chisel-lab/lab2/build.sbt
2023.05.11 10:56:09 INFO  Shutting down server
2023.05.11 10:56:09 INFO  shutting down Metals
2023.05.11 10:56:09 INFO  Exiting server
